<?xml version="1.0" encoding="UTF-8"?>
<testsuite name="com.cholongbul.book.springboot.domain.posts.PostsRepositoryTest" tests="2" skipped="0" failures="0" errors="0" timestamp="2021-06-20T17:27:53" hostname="DESKTOP-VCVQA0D" time="0.2">
  <properties/>
  <testcase name="게시글저장_불러오기" classname="com.cholongbul.book.springboot.domain.posts.PostsRepositoryTest" time="0.194"/>
  <testcase name="BaseTimeEntity_등록" classname="com.cholongbul.book.springboot.domain.posts.PostsRepositoryTest" time="0.005"/>
  <system-out><![CDATA[02:27:48.210 [Test worker] DEBUG org.springframework.test.context.junit4.SpringJUnit4ClassRunner - SpringJUnit4ClassRunner constructor called with [class com.cholongbul.book.springboot.domain.posts.PostsRepositoryTest]
02:27:48.216 [Test worker] DEBUG org.springframework.test.context.BootstrapUtils - Instantiating CacheAwareContextLoaderDelegate from class [org.springframework.test.context.cache.DefaultCacheAwareContextLoaderDelegate]
02:27:48.222 [Test worker] DEBUG org.springframework.test.context.BootstrapUtils - Instantiating BootstrapContext using constructor [public org.springframework.test.context.support.DefaultBootstrapContext(java.lang.Class,org.springframework.test.context.CacheAwareContextLoaderDelegate)]
02:27:48.237 [Test worker] DEBUG org.springframework.test.context.BootstrapUtils - Instantiating TestContextBootstrapper for test class [com.cholongbul.book.springboot.domain.posts.PostsRepositoryTest] from class [org.springframework.boot.test.context.SpringBootTestContextBootstrapper]
02:27:48.248 [Test worker] INFO org.springframework.boot.test.context.SpringBootTestContextBootstrapper - Neither @ContextConfiguration nor @ContextHierarchy found for test class [com.cholongbul.book.springboot.domain.posts.PostsRepositoryTest], using SpringBootContextLoader
02:27:48.251 [Test worker] DEBUG org.springframework.test.context.support.AbstractContextLoader - Did not detect default resource location for test class [com.cholongbul.book.springboot.domain.posts.PostsRepositoryTest]: class path resource [com/cholongbul/book/springboot/domain/posts/PostsRepositoryTest-context.xml] does not exist
02:27:48.251 [Test worker] DEBUG org.springframework.test.context.support.AbstractContextLoader - Did not detect default resource location for test class [com.cholongbul.book.springboot.domain.posts.PostsRepositoryTest]: class path resource [com/cholongbul/book/springboot/domain/posts/PostsRepositoryTestContext.groovy] does not exist
02:27:48.251 [Test worker] INFO org.springframework.test.context.support.AbstractContextLoader - Could not detect default resource locations for test class [com.cholongbul.book.springboot.domain.posts.PostsRepositoryTest]: no resource found for suffixes {-context.xml, Context.groovy}.
02:27:48.252 [Test worker] INFO org.springframework.test.context.support.AnnotationConfigContextLoaderUtils - Could not detect default configuration classes for test class [com.cholongbul.book.springboot.domain.posts.PostsRepositoryTest]: PostsRepositoryTest does not declare any static, non-private, non-final, nested classes annotated with @Configuration.
02:27:48.284 [Test worker] DEBUG org.springframework.test.context.support.ActiveProfilesUtils - Could not find an 'annotation declaring class' for annotation type [org.springframework.test.context.ActiveProfiles] and class [com.cholongbul.book.springboot.domain.posts.PostsRepositoryTest]
02:27:48.344 [Test worker] DEBUG org.springframework.context.annotation.ClassPathScanningCandidateComponentProvider - Identified candidate component class: file [C:\Users\ejatk\IdeaProjects\aws-springboot\build\classes\java\main\com\cholongbul\book\springboot\Application.class]
02:27:48.345 [Test worker] INFO org.springframework.boot.test.context.SpringBootTestContextBootstrapper - Found @SpringBootConfiguration com.cholongbul.book.springboot.Application for test class com.cholongbul.book.springboot.domain.posts.PostsRepositoryTest
02:27:48.428 [Test worker] DEBUG org.springframework.boot.test.context.SpringBootTestContextBootstrapper - @TestExecutionListeners is not present for class [com.cholongbul.book.springboot.domain.posts.PostsRepositoryTest]: using defaults.
02:27:48.428 [Test worker] INFO org.springframework.boot.test.context.SpringBootTestContextBootstrapper - Loaded default TestExecutionListener class names from location [META-INF/spring.factories]: [org.springframework.security.test.context.support.WithSecurityContextTestExecutionListener, org.springframework.security.test.context.support.ReactorContextTestExecutionListener, org.springframework.boot.test.autoconfigure.restdocs.RestDocsTestExecutionListener, org.springframework.boot.test.autoconfigure.web.client.MockRestServiceServerResetTestExecutionListener, org.springframework.boot.test.autoconfigure.web.servlet.MockMvcPrintOnlyOnFailureTestExecutionListener, org.springframework.boot.test.autoconfigure.web.servlet.WebDriverTestExecutionListener, org.springframework.boot.test.mock.mockito.MockitoTestExecutionListener, org.springframework.boot.test.mock.mockito.ResetMocksTestExecutionListener, org.springframework.test.context.web.ServletTestExecutionListener, org.springframework.test.context.support.DirtiesContextBeforeModesTestExecutionListener, org.springframework.test.context.support.DependencyInjectionTestExecutionListener, org.springframework.test.context.support.DirtiesContextTestExecutionListener, org.springframework.test.context.transaction.TransactionalTestExecutionListener, org.springframework.test.context.jdbc.SqlScriptsTestExecutionListener]
02:27:48.448 [Test worker] INFO org.springframework.boot.test.context.SpringBootTestContextBootstrapper - Using TestExecutionListeners: [org.springframework.test.context.web.ServletTestExecutionListener@13bfd, org.springframework.test.context.support.DirtiesContextBeforeModesTestExecutionListener@e5f640, org.springframework.boot.test.mock.mockito.MockitoTestExecutionListener@15f1479, org.springframework.boot.test.autoconfigure.SpringBootDependencyInjectionTestExecutionListener@eeab61, org.springframework.test.context.support.DirtiesContextTestExecutionListener@16da3d2, org.springframework.test.context.transaction.TransactionalTestExecutionListener@cd0c49, org.springframework.test.context.jdbc.SqlScriptsTestExecutionListener@1b23c35, org.springframework.security.test.context.support.WithSecurityContextTestExecutionListener@5e2a41, org.springframework.security.test.context.support.ReactorContextTestExecutionListener@31612b, org.springframework.boot.test.autoconfigure.restdocs.RestDocsTestExecutionListener@708220, org.springframework.boot.test.autoconfigure.web.client.MockRestServiceServerResetTestExecutionListener@b7504f, org.springframework.boot.test.autoconfigure.web.servlet.MockMvcPrintOnlyOnFailureTestExecutionListener@116797a, org.springframework.boot.test.autoconfigure.web.servlet.WebDriverTestExecutionListener@e56a8a, org.springframework.boot.test.mock.mockito.ResetMocksTestExecutionListener@ae82b4]
02:27:48.450 [Test worker] DEBUG org.springframework.test.annotation.ProfileValueUtils - Retrieved @ProfileValueSourceConfiguration [null] for test class [com.cholongbul.book.springboot.domain.posts.PostsRepositoryTest]
02:27:48.451 [Test worker] DEBUG org.springframework.test.annotation.ProfileValueUtils - Retrieved ProfileValueSource type [class org.springframework.test.annotation.SystemProfileValueSource] for class [com.cholongbul.book.springboot.domain.posts.PostsRepositoryTest]
02:27:48.451 [Test worker] DEBUG org.springframework.test.annotation.ProfileValueUtils - Retrieved @ProfileValueSourceConfiguration [null] for test class [com.cholongbul.book.springboot.domain.posts.PostsRepositoryTest]
02:27:48.451 [Test worker] DEBUG org.springframework.test.annotation.ProfileValueUtils - Retrieved ProfileValueSource type [class org.springframework.test.annotation.SystemProfileValueSource] for class [com.cholongbul.book.springboot.domain.posts.PostsRepositoryTest]
02:27:48.455 [Test worker] DEBUG org.springframework.test.context.support.AbstractDirtiesContextTestExecutionListener - Before test class: context [DefaultTestContext@48bfcc testClass = PostsRepositoryTest, testInstance = [null], testMethod = [null], testException = [null], mergedContextConfiguration = [WebMergedContextConfiguration@fd3248 testClass = PostsRepositoryTest, locations = '{}', classes = '{class com.cholongbul.book.springboot.Application}', contextInitializerClasses = '[]', activeProfiles = '{}', propertySourceLocations = '{}', propertySourceProperties = '{org.springframework.boot.test.context.SpringBootTestContextBootstrapper=true}', contextCustomizers = set[org.springframework.boot.test.autoconfigure.properties.PropertyMappingContextCustomizer@0, org.springframework.boot.test.autoconfigure.web.servlet.WebDriverContextCustomizerFactory$Customizer@14e5cbb, org.springframework.boot.test.context.filter.ExcludeFilterContextCustomizer@145c2eb, org.springframework.boot.test.json.DuplicateJsonObjectContextCustomizerFactory$DuplicateJsonObjectContextCustomizer@4c1356, org.springframework.boot.test.mock.mockito.MockitoContextCustomizer@0, org.springframework.boot.test.web.client.TestRestTemplateContextCustomizer@6d4a14], resourceBasePath = 'src/main/webapp', contextLoader = 'org.springframework.boot.test.context.SpringBootContextLoader', parent = [null]], attributes = map['org.springframework.test.context.web.ServletTestExecutionListener.activateListener' -> true]], class annotated with @DirtiesContext [false] with mode [null].
02:27:48.455 [Test worker] DEBUG org.springframework.test.annotation.ProfileValueUtils - Retrieved @ProfileValueSourceConfiguration [null] for test class [com.cholongbul.book.springboot.domain.posts.PostsRepositoryTest]
02:27:48.455 [Test worker] DEBUG org.springframework.test.annotation.ProfileValueUtils - Retrieved ProfileValueSource type [class org.springframework.test.annotation.SystemProfileValueSource] for class [com.cholongbul.book.springboot.domain.posts.PostsRepositoryTest]
02:27:48.474 [Test worker] DEBUG org.springframework.test.context.support.TestPropertySourceUtils - Adding inlined properties to environment: {spring.jmx.enabled=false, org.springframework.boot.test.context.SpringBootTestContextBootstrapper=true, server.port=-1}

  .   ____          _            __ _ _
 /\\ / ___'_ __ _ _(_)_ __  __ _ \ \ \ \
( ( )\___ | '_ | '_| | '_ \/ _` | \ \ \ \
 \\/  ___)| |_)| | | | | || (_| |  ) ) ) )
  '  |____| .__|_| |_|_| |_\__, | / / / /
 =========|_|==============|___/=/_/_/_/
 :: Spring Boot ::        (v2.1.7.RELEASE)

2021-06-21 02:27:48.700  INFO 2232 --- [    Test worker] c.c.b.s.d.posts.PostsRepositoryTest      : Starting PostsRepositoryTest on DESKTOP-VCVQA0D with PID 2232 (started by ejatk in C:\Users\ejatk\IdeaProjects\aws-springboot)
2021-06-21 02:27:48.700  INFO 2232 --- [    Test worker] c.c.b.s.d.posts.PostsRepositoryTest      : The following profiles are active: oauth
2021-06-21 02:27:49.311  INFO 2232 --- [    Test worker] .s.d.r.c.RepositoryConfigurationDelegate : Bootstrapping Spring Data repositories in DEFAULT mode.
2021-06-21 02:27:49.398  INFO 2232 --- [    Test worker] .s.d.r.c.RepositoryConfigurationDelegate : Finished Spring Data repository scanning in 79ms. Found 2 repository interfaces.
2021-06-21 02:27:49.784  INFO 2232 --- [    Test worker] trationDelegate$BeanPostProcessorChecker : Bean 'org.springframework.transaction.annotation.ProxyTransactionManagementConfiguration' of type [org.springframework.transaction.annotation.ProxyTransactionManagementConfiguration$$EnhancerBySpringCGLIB$$2966c2fb] is not eligible for getting processed by all BeanPostProcessors (for example: not eligible for auto-proxying)
2021-06-21 02:27:49.950  INFO 2232 --- [    Test worker] com.zaxxer.hikari.HikariDataSource       : HikariPool-1 - Starting...
2021-06-21 02:27:50.097  INFO 2232 --- [    Test worker] com.zaxxer.hikari.HikariDataSource       : HikariPool-1 - Start completed.
2021-06-21 02:27:50.170  INFO 2232 --- [    Test worker] o.hibernate.jpa.internal.util.LogHelper  : HHH000204: Processing PersistenceUnitInfo [
	name: default
	...]
2021-06-21 02:27:50.234  INFO 2232 --- [    Test worker] org.hibernate.Version                    : HHH000412: Hibernate Core {5.3.10.Final}
2021-06-21 02:27:50.235  INFO 2232 --- [    Test worker] org.hibernate.cfg.Environment            : HHH000206: hibernate.properties not found
2021-06-21 02:27:50.383  INFO 2232 --- [    Test worker] o.hibernate.annotations.common.Version   : HCANN000001: Hibernate Commons Annotations {5.0.4.Final}
2021-06-21 02:27:50.565  INFO 2232 --- [    Test worker] org.hibernate.dialect.Dialect            : HHH000400: Using dialect: org.hibernate.dialect.H2Dialect
Hibernate: drop table posts if exists
Hibernate: drop table user1 if exists
Hibernate: drop sequence if exists hibernate_sequence
Hibernate: create sequence hibernate_sequence start with 1 increment by 1
Hibernate: create table posts (id bigint generated by default as identity, created_date timestamp, modified_date timestamp, author varchar(255), content TEXT not null, title varchar(500) not null, primary key (id))
Hibernate: create table user1 (id bigint not null, created_date timestamp, modified_date timestamp, email varchar(255) not null, picture varchar(255), role varchar(255) not null, u_name varchar(255) not null, primary key (id))
2021-06-21 02:27:51.197  INFO 2232 --- [    Test worker] o.h.t.schema.internal.SchemaCreatorImpl  : HHH000476: Executing import script 'org.hibernate.tool.schema.internal.exec.ScriptSourceInputNonExistentImpl@a1e42a'
2021-06-21 02:27:51.200  INFO 2232 --- [    Test worker] j.LocalContainerEntityManagerFactoryBean : Initialized JPA EntityManagerFactory for persistence unit 'default'
2021-06-21 02:27:51.660  INFO 2232 --- [    Test worker] o.h.h.i.QueryTranslatorFactoryInitiator  : HHH000397: Using ASTQueryTranslatorFactory
2021-06-21 02:27:52.028  INFO 2232 --- [    Test worker] o.s.s.web.DefaultSecurityFilterChain     : Creating filter chain: any request, [org.springframework.security.web.context.request.async.WebAsyncManagerIntegrationFilter@184e7b4, org.springframework.security.web.context.SecurityContextPersistenceFilter@819a09, org.springframework.security.web.header.HeaderWriterFilter@1083264, org.springframework.security.web.authentication.logout.LogoutFilter@5d5e3f, org.springframework.security.oauth2.client.web.OAuth2AuthorizationRequestRedirectFilter@12e7f82, org.springframework.security.oauth2.client.web.OAuth2LoginAuthenticationFilter@199053b, org.springframework.security.web.authentication.ui.DefaultLoginPageGeneratingFilter@12d4471, org.springframework.security.web.authentication.ui.DefaultLogoutPageGeneratingFilter@3e61a2, org.springframework.security.web.savedrequest.RequestCacheAwareFilter@e7aa47, org.springframework.security.web.servletapi.SecurityContextHolderAwareRequestFilter@4f900, org.springframework.security.web.authentication.AnonymousAuthenticationFilter@1e58594, org.springframework.security.web.session.SessionManagementFilter@adf169, org.springframework.security.web.access.ExceptionTranslationFilter@1efed6c, org.springframework.security.web.access.intercept.FilterSecurityInterceptor@16040f4]
2021-06-21 02:27:52.477  INFO 2232 --- [    Test worker] o.s.s.concurrent.ThreadPoolTaskExecutor  : Initializing ExecutorService 'applicationTaskExecutor'
2021-06-21 02:27:52.523  WARN 2232 --- [    Test worker] aWebConfiguration$JpaWebMvcConfiguration : spring.jpa.open-in-view is enabled by default. Therefore, database queries may be performed during view rendering. Explicitly configure spring.jpa.open-in-view to disable this warning
2021-06-21 02:27:52.566  INFO 2232 --- [    Test worker] o.s.b.a.w.s.WelcomePageHandlerMapping    : Adding welcome page template: index
2021-06-21 02:27:53.050  INFO 2232 --- [    Test worker] s.a.ScheduledAnnotationBeanPostProcessor : No TaskScheduler/ScheduledExecutorService bean found for scheduled processing
2021-06-21 02:27:53.058  INFO 2232 --- [    Test worker] c.c.b.s.d.posts.PostsRepositoryTest      : Started PostsRepositoryTest in 4.578 seconds (JVM running for 5.46)
Hibernate: insert into posts (id, created_date, modified_date, author, content, title) values (null, ?, ?, ?, ?, ?)
Hibernate: select posts0_.id as id1_0_, posts0_.created_date as created_2_0_, posts0_.modified_date as modified3_0_, posts0_.author as author4_0_, posts0_.content as content5_0_, posts0_.title as title6_0_ from posts posts0_
Hibernate: select posts0_.id as id1_0_, posts0_.created_date as created_2_0_, posts0_.modified_date as modified3_0_, posts0_.author as author4_0_, posts0_.content as content5_0_, posts0_.title as title6_0_ from posts posts0_
Hibernate: delete from posts where id=?
Hibernate: insert into posts (id, created_date, modified_date, author, content, title) values (null, ?, ?, ?, ?, ?)
Hibernate: select posts0_.id as id1_0_, posts0_.created_date as created_2_0_, posts0_.modified_date as modified3_0_, posts0_.author as author4_0_, posts0_.content as content5_0_, posts0_.title as title6_0_ from posts posts0_
>>>>>> createDate=2021-06-21T02:27:53.269, modifiedDate=2021-06-21T02:27:53.269
Hibernate: select posts0_.id as id1_0_, posts0_.created_date as created_2_0_, posts0_.modified_date as modified3_0_, posts0_.author as author4_0_, posts0_.content as content5_0_, posts0_.title as title6_0_ from posts posts0_
Hibernate: delete from posts where id=?
]]></system-out>
  <system-err><![CDATA[]]></system-err>
</testsuite>
