<?xml version="1.0" encoding="UTF-8"?>
<testsuite name="com.cholongbul.book.springboot.web.dto.HelloResponseDtoTest" tests="1" skipped="0" failures="0" errors="0" timestamp="2021-06-17T17:14:16" hostname="DESKTOP-VCVQA0D" time="0.001">
  <properties/>
  <testcase name="롬복_기능_테스트" classname="com.cholongbul.book.springboot.web.dto.HelloResponseDtoTest" time="0.001"/>
  <system-out><![CDATA[]]></system-out>
  <system-err><![CDATA[]]></system-err>
</testsuite>
