<?xml version="1.0" encoding="UTF-8"?>
<testsuite name="com.cholongbul.book.springboot.web.HelloControllerTest" tests="2" skipped="0" failures="0" errors="0" timestamp="2021-06-17T17:14:13" hostname="DESKTOP-VCVQA0D" time="0.26">
  <properties/>
  <testcase name="hello가_리턴된다" classname="com.cholongbul.book.springboot.web.HelloControllerTest" time="0.196"/>
  <testcase name="helloDto가_리턴된다" classname="com.cholongbul.book.springboot.web.HelloControllerTest" time="0.063"/>
  <system-out><![CDATA[02:14:10.932 [Test worker] DEBUG org.springframework.test.context.junit4.SpringJUnit4ClassRunner - SpringJUnit4ClassRunner constructor called with [class com.cholongbul.book.springboot.web.HelloControllerTest]
02:14:10.938 [Test worker] DEBUG org.springframework.test.context.BootstrapUtils - Instantiating CacheAwareContextLoaderDelegate from class [org.springframework.test.context.cache.DefaultCacheAwareContextLoaderDelegate]
02:14:10.946 [Test worker] DEBUG org.springframework.test.context.BootstrapUtils - Instantiating BootstrapContext using constructor [public org.springframework.test.context.support.DefaultBootstrapContext(java.lang.Class,org.springframework.test.context.CacheAwareContextLoaderDelegate)]
02:14:10.960 [Test worker] DEBUG org.springframework.test.context.BootstrapUtils - Instantiating TestContextBootstrapper for test class [com.cholongbul.book.springboot.web.HelloControllerTest] from class [org.springframework.boot.test.autoconfigure.web.servlet.WebMvcTestContextBootstrapper]
02:14:10.975 [Test worker] INFO org.springframework.boot.test.autoconfigure.web.servlet.WebMvcTestContextBootstrapper - Neither @ContextConfiguration nor @ContextHierarchy found for test class [com.cholongbul.book.springboot.web.HelloControllerTest], using SpringBootContextLoader
02:14:10.979 [Test worker] DEBUG org.springframework.test.context.support.AbstractContextLoader - Did not detect default resource location for test class [com.cholongbul.book.springboot.web.HelloControllerTest]: class path resource [com/cholongbul/book/springboot/web/HelloControllerTest-context.xml] does not exist
02:14:10.980 [Test worker] DEBUG org.springframework.test.context.support.AbstractContextLoader - Did not detect default resource location for test class [com.cholongbul.book.springboot.web.HelloControllerTest]: class path resource [com/cholongbul/book/springboot/web/HelloControllerTestContext.groovy] does not exist
02:14:10.980 [Test worker] INFO org.springframework.test.context.support.AbstractContextLoader - Could not detect default resource locations for test class [com.cholongbul.book.springboot.web.HelloControllerTest]: no resource found for suffixes {-context.xml, Context.groovy}.
02:14:10.980 [Test worker] INFO org.springframework.test.context.support.AnnotationConfigContextLoaderUtils - Could not detect default configuration classes for test class [com.cholongbul.book.springboot.web.HelloControllerTest]: HelloControllerTest does not declare any static, non-private, non-final, nested classes annotated with @Configuration.
02:14:11.030 [Test worker] DEBUG org.springframework.test.context.support.ActiveProfilesUtils - Could not find an 'annotation declaring class' for annotation type [org.springframework.test.context.ActiveProfiles] and class [com.cholongbul.book.springboot.web.HelloControllerTest]
02:14:11.091 [Test worker] DEBUG org.springframework.context.annotation.ClassPathScanningCandidateComponentProvider - Identified candidate component class: file [C:\Users\ejatk\IdeaProjects\aws-springboot\build\classes\java\main\com\cholongbul\book\springboot\Application.class]
02:14:11.093 [Test worker] INFO org.springframework.boot.test.context.SpringBootTestContextBootstrapper - Found @SpringBootConfiguration com.cholongbul.book.springboot.Application for test class com.cholongbul.book.springboot.web.HelloControllerTest
02:14:11.095 [Test worker] DEBUG org.springframework.boot.test.autoconfigure.web.servlet.WebMvcTestContextBootstrapper - @TestExecutionListeners is not present for class [com.cholongbul.book.springboot.web.HelloControllerTest]: using defaults.
02:14:11.095 [Test worker] INFO org.springframework.boot.test.autoconfigure.web.servlet.WebMvcTestContextBootstrapper - Loaded default TestExecutionListener class names from location [META-INF/spring.factories]: [org.springframework.security.test.context.support.WithSecurityContextTestExecutionListener, org.springframework.security.test.context.support.ReactorContextTestExecutionListener, org.springframework.boot.test.autoconfigure.restdocs.RestDocsTestExecutionListener, org.springframework.boot.test.autoconfigure.web.client.MockRestServiceServerResetTestExecutionListener, org.springframework.boot.test.autoconfigure.web.servlet.MockMvcPrintOnlyOnFailureTestExecutionListener, org.springframework.boot.test.autoconfigure.web.servlet.WebDriverTestExecutionListener, org.springframework.boot.test.mock.mockito.MockitoTestExecutionListener, org.springframework.boot.test.mock.mockito.ResetMocksTestExecutionListener, org.springframework.test.context.web.ServletTestExecutionListener, org.springframework.test.context.support.DirtiesContextBeforeModesTestExecutionListener, org.springframework.test.context.support.DependencyInjectionTestExecutionListener, org.springframework.test.context.support.DirtiesContextTestExecutionListener, org.springframework.test.context.transaction.TransactionalTestExecutionListener, org.springframework.test.context.jdbc.SqlScriptsTestExecutionListener]
02:14:11.115 [Test worker] INFO org.springframework.boot.test.autoconfigure.web.servlet.WebMvcTestContextBootstrapper - Using TestExecutionListeners: [org.springframework.test.context.web.ServletTestExecutionListener@1736042, org.springframework.test.context.support.DirtiesContextBeforeModesTestExecutionListener@110edd6, org.springframework.boot.test.mock.mockito.MockitoTestExecutionListener@14fa855, org.springframework.boot.test.autoconfigure.SpringBootDependencyInjectionTestExecutionListener@1d9cf53, org.springframework.test.context.support.DirtiesContextTestExecutionListener@13eda5a, org.springframework.test.context.transaction.TransactionalTestExecutionListener@108ff36, org.springframework.test.context.jdbc.SqlScriptsTestExecutionListener@1cbfd82, org.springframework.security.test.context.support.WithSecurityContextTestExecutionListener@71fbf, org.springframework.security.test.context.support.ReactorContextTestExecutionListener@12ae22f, org.springframework.boot.test.autoconfigure.restdocs.RestDocsTestExecutionListener@1e35fb3, org.springframework.boot.test.autoconfigure.web.client.MockRestServiceServerResetTestExecutionListener@12a9120, org.springframework.boot.test.autoconfigure.web.servlet.MockMvcPrintOnlyOnFailureTestExecutionListener@136955d, org.springframework.boot.test.autoconfigure.web.servlet.WebDriverTestExecutionListener@145310e, org.springframework.boot.test.mock.mockito.ResetMocksTestExecutionListener@66e492]
02:14:11.117 [Test worker] DEBUG org.springframework.test.annotation.ProfileValueUtils - Retrieved @ProfileValueSourceConfiguration [null] for test class [com.cholongbul.book.springboot.web.HelloControllerTest]
02:14:11.117 [Test worker] DEBUG org.springframework.test.annotation.ProfileValueUtils - Retrieved ProfileValueSource type [class org.springframework.test.annotation.SystemProfileValueSource] for class [com.cholongbul.book.springboot.web.HelloControllerTest]
02:14:11.118 [Test worker] DEBUG org.springframework.test.annotation.ProfileValueUtils - Retrieved @ProfileValueSourceConfiguration [null] for test class [com.cholongbul.book.springboot.web.HelloControllerTest]
02:14:11.118 [Test worker] DEBUG org.springframework.test.annotation.ProfileValueUtils - Retrieved ProfileValueSource type [class org.springframework.test.annotation.SystemProfileValueSource] for class [com.cholongbul.book.springboot.web.HelloControllerTest]
02:14:11.122 [Test worker] DEBUG org.springframework.test.context.support.AbstractDirtiesContextTestExecutionListener - Before test class: context [DefaultTestContext@6917b8 testClass = HelloControllerTest, testInstance = [null], testMethod = [null], testException = [null], mergedContextConfiguration = [WebMergedContextConfiguration@840142 testClass = HelloControllerTest, locations = '{}', classes = '{class com.cholongbul.book.springboot.Application}', contextInitializerClasses = '[]', activeProfiles = '{}', propertySourceLocations = '{}', propertySourceProperties = '{org.springframework.boot.test.autoconfigure.web.servlet.WebMvcTestContextBootstrapper=true}', contextCustomizers = set[org.springframework.boot.test.autoconfigure.OverrideAutoConfigurationContextCustomizerFactory$DisableAutoConfigurationContextCustomizer@1ccc85a, org.springframework.boot.test.autoconfigure.filter.TypeExcludeFiltersContextCustomizer@bb3ea63c, org.springframework.boot.test.autoconfigure.properties.PropertyMappingContextCustomizer@f77bbc96, org.springframework.boot.test.autoconfigure.web.servlet.WebDriverContextCustomizerFactory$Customizer@87bce4, [ImportsContextCustomizer@cdfb80 key = [org.springframework.boot.autoconfigure.cache.CacheAutoConfiguration, org.springframework.boot.autoconfigure.context.MessageSourceAutoConfiguration, org.springframework.boot.autoconfigure.data.web.SpringDataWebAutoConfiguration, org.springframework.boot.autoconfigure.freemarker.FreeMarkerAutoConfiguration, org.springframework.boot.autoconfigure.groovy.template.GroovyTemplateAutoConfiguration, org.springframework.boot.autoconfigure.gson.GsonAutoConfiguration, org.springframework.boot.autoconfigure.hateoas.HypermediaAutoConfiguration, org.springframework.boot.autoconfigure.http.HttpMessageConvertersAutoConfiguration, org.springframework.boot.autoconfigure.jackson.JacksonAutoConfiguration, org.springframework.boot.autoconfigure.jsonb.JsonbAutoConfiguration, org.springframework.boot.autoconfigure.mustache.MustacheAutoConfiguration, org.springframework.boot.autoconfigure.task.TaskExecutionAutoConfiguration, org.springframework.boot.autoconfigure.thymeleaf.ThymeleafAutoConfiguration, org.springframework.boot.autoconfigure.validation.ValidationAutoConfiguration, org.springframework.boot.autoconfigure.web.servlet.error.ErrorMvcAutoConfiguration, org.springframework.boot.autoconfigure.web.servlet.WebMvcAutoConfiguration, org.springframework.boot.test.autoconfigure.web.servlet.MockMvcAutoConfiguration, org.springframework.boot.test.autoconfigure.web.servlet.MockMvcSecurityAutoConfiguration, org.springframework.boot.test.autoconfigure.web.servlet.MockMvcWebClientAutoConfiguration, org.springframework.boot.test.autoconfigure.web.servlet.MockMvcWebDriverAutoConfiguration]], org.springframework.boot.test.context.filter.ExcludeFilterContextCustomizer@19b25c2, org.springframework.boot.test.json.DuplicateJsonObjectContextCustomizerFactory$DuplicateJsonObjectContextCustomizer@99086d, org.springframework.boot.test.mock.mockito.MockitoContextCustomizer@0], resourceBasePath = 'src/main/webapp', contextLoader = 'org.springframework.boot.test.context.SpringBootContextLoader', parent = [null]], attributes = map[[empty]]], class annotated with @DirtiesContext [false] with mode [null].
02:14:11.122 [Test worker] DEBUG org.springframework.test.annotation.ProfileValueUtils - Retrieved @ProfileValueSourceConfiguration [null] for test class [com.cholongbul.book.springboot.web.HelloControllerTest]
02:14:11.122 [Test worker] DEBUG org.springframework.test.annotation.ProfileValueUtils - Retrieved ProfileValueSource type [class org.springframework.test.annotation.SystemProfileValueSource] for class [com.cholongbul.book.springboot.web.HelloControllerTest]
02:14:11.127 [Test worker] DEBUG org.springframework.test.context.support.DependencyInjectionTestExecutionListener - Performing dependency injection for test context [[DefaultTestContext@6917b8 testClass = HelloControllerTest, testInstance = com.cholongbul.book.springboot.web.HelloControllerTest@c957f8, testMethod = [null], testException = [null], mergedContextConfiguration = [WebMergedContextConfiguration@840142 testClass = HelloControllerTest, locations = '{}', classes = '{class com.cholongbul.book.springboot.Application}', contextInitializerClasses = '[]', activeProfiles = '{}', propertySourceLocations = '{}', propertySourceProperties = '{org.springframework.boot.test.autoconfigure.web.servlet.WebMvcTestContextBootstrapper=true}', contextCustomizers = set[org.springframework.boot.test.autoconfigure.OverrideAutoConfigurationContextCustomizerFactory$DisableAutoConfigurationContextCustomizer@1ccc85a, org.springframework.boot.test.autoconfigure.filter.TypeExcludeFiltersContextCustomizer@bb3ea63c, org.springframework.boot.test.autoconfigure.properties.PropertyMappingContextCustomizer@f77bbc96, org.springframework.boot.test.autoconfigure.web.servlet.WebDriverContextCustomizerFactory$Customizer@87bce4, [ImportsContextCustomizer@cdfb80 key = [org.springframework.boot.autoconfigure.cache.CacheAutoConfiguration, org.springframework.boot.autoconfigure.context.MessageSourceAutoConfiguration, org.springframework.boot.autoconfigure.data.web.SpringDataWebAutoConfiguration, org.springframework.boot.autoconfigure.freemarker.FreeMarkerAutoConfiguration, org.springframework.boot.autoconfigure.groovy.template.GroovyTemplateAutoConfiguration, org.springframework.boot.autoconfigure.gson.GsonAutoConfiguration, org.springframework.boot.autoconfigure.hateoas.HypermediaAutoConfiguration, org.springframework.boot.autoconfigure.http.HttpMessageConvertersAutoConfiguration, org.springframework.boot.autoconfigure.jackson.JacksonAutoConfiguration, org.springframework.boot.autoconfigure.jsonb.JsonbAutoConfiguration, org.springframework.boot.autoconfigure.mustache.MustacheAutoConfiguration, org.springframework.boot.autoconfigure.task.TaskExecutionAutoConfiguration, org.springframework.boot.autoconfigure.thymeleaf.ThymeleafAutoConfiguration, org.springframework.boot.autoconfigure.validation.ValidationAutoConfiguration, org.springframework.boot.autoconfigure.web.servlet.error.ErrorMvcAutoConfiguration, org.springframework.boot.autoconfigure.web.servlet.WebMvcAutoConfiguration, org.springframework.boot.test.autoconfigure.web.servlet.MockMvcAutoConfiguration, org.springframework.boot.test.autoconfigure.web.servlet.MockMvcSecurityAutoConfiguration, org.springframework.boot.test.autoconfigure.web.servlet.MockMvcWebClientAutoConfiguration, org.springframework.boot.test.autoconfigure.web.servlet.MockMvcWebDriverAutoConfiguration]], org.springframework.boot.test.context.filter.ExcludeFilterContextCustomizer@19b25c2, org.springframework.boot.test.json.DuplicateJsonObjectContextCustomizerFactory$DuplicateJsonObjectContextCustomizer@99086d, org.springframework.boot.test.mock.mockito.MockitoContextCustomizer@0], resourceBasePath = 'src/main/webapp', contextLoader = 'org.springframework.boot.test.context.SpringBootContextLoader', parent = [null]], attributes = map[[empty]]]].
02:14:11.226 [Test worker] DEBUG org.springframework.test.context.support.TestPropertySourceUtils - Adding inlined properties to environment: {spring.jmx.enabled=false, org.springframework.boot.test.autoconfigure.web.servlet.WebMvcTestContextBootstrapper=true, server.port=-1}

  .   ____          _            __ _ _
 /\\ / ___'_ __ _ _(_)_ __  __ _ \ \ \ \
( ( )\___ | '_ | '_| | '_ \/ _` | \ \ \ \
 \\/  ___)| |_)| | | | | || (_| |  ) ) ) )
  '  |____| .__|_| |_|_| |_\__, | / / / /
 =========|_|==============|___/=/_/_/_/
 :: Spring Boot ::        (v2.1.7.RELEASE)

2021-06-18 02:14:11.477  INFO 16860 --- [    Test worker] c.c.b.s.web.HelloControllerTest          : Starting HelloControllerTest on DESKTOP-VCVQA0D with PID 16860 (started by ejatk in C:\Users\ejatk\IdeaProjects\aws-springboot)
2021-06-18 02:14:11.478  INFO 16860 --- [    Test worker] c.c.b.s.web.HelloControllerTest          : The following profiles are active: oauth
2021-06-18 02:14:12.496  INFO 16860 --- [    Test worker] o.s.s.concurrent.ThreadPoolTaskExecutor  : Initializing ExecutorService 'applicationTaskExecutor'
2021-06-18 02:14:12.572  INFO 16860 --- [    Test worker] o.s.b.a.w.s.WelcomePageHandlerMapping    : Adding welcome page template: index
2021-06-18 02:14:12.824  INFO 16860 --- [    Test worker] .s.s.UserDetailsServiceAutoConfiguration : 

Using generated security password: acbe5b57-58a4-4e08-8f1b-699d4a200b30

2021-06-18 02:14:13.000  INFO 16860 --- [    Test worker] o.s.s.web.DefaultSecurityFilterChain     : Creating filter chain: any request, [org.springframework.security.web.context.request.async.WebAsyncManagerIntegrationFilter@13f76f0, org.springframework.security.web.context.SecurityContextPersistenceFilter@1b464fb, org.springframework.security.web.header.HeaderWriterFilter@155cb6a, org.springframework.security.web.csrf.CsrfFilter@fa815c, org.springframework.security.web.authentication.logout.LogoutFilter@9bb553, org.springframework.security.web.authentication.UsernamePasswordAuthenticationFilter@4ee4a0, org.springframework.security.web.authentication.ui.DefaultLoginPageGeneratingFilter@102b2b4, org.springframework.security.web.authentication.ui.DefaultLogoutPageGeneratingFilter@1f71adb, org.springframework.security.web.authentication.www.BasicAuthenticationFilter@980088, org.springframework.security.web.savedrequest.RequestCacheAwareFilter@1e13ee8, org.springframework.security.web.servletapi.SecurityContextHolderAwareRequestFilter@1a39de4, org.springframework.security.web.authentication.AnonymousAuthenticationFilter@1ab515f, org.springframework.security.web.session.SessionManagementFilter@9a07e9, org.springframework.security.web.access.ExceptionTranslationFilter@8d4719, org.springframework.security.web.access.intercept.FilterSecurityInterceptor@16ce834]
2021-06-18 02:14:13.034  INFO 16860 --- [    Test worker] o.s.b.t.m.w.SpringBootMockServletContext : Initializing Spring TestDispatcherServlet ''
2021-06-18 02:14:13.034  INFO 16860 --- [    Test worker] o.s.t.web.servlet.TestDispatcherServlet  : Initializing Servlet ''
2021-06-18 02:14:13.047  INFO 16860 --- [    Test worker] o.s.t.web.servlet.TestDispatcherServlet  : Completed initialization in 13 ms
2021-06-18 02:14:13.083  INFO 16860 --- [    Test worker] c.c.b.s.web.HelloControllerTest          : Started HelloControllerTest in 1.851 seconds (JVM running for 2.759)
]]></system-out>
  <system-err><![CDATA[]]></system-err>
</testsuite>
