<?xml version="1.0" encoding="UTF-8"?>
<testsuite name="com.cholongbul.book.springboot.web.IndexControllerTest" tests="1" skipped="0" failures="0" errors="0" timestamp="2021-06-17T17:14:18" hostname="DESKTOP-VCVQA0D" time="0.133">
  <properties/>
  <testcase name="메인페이지_로딩" classname="com.cholongbul.book.springboot.web.IndexControllerTest" time="0.133"/>
  <system-out><![CDATA[2021-06-18 02:14:16.878  INFO 16860 --- [    Test worker] .b.t.c.SpringBootTestContextBootstrapper : Neither @ContextConfiguration nor @ContextHierarchy found for test class [com.cholongbul.book.springboot.web.IndexControllerTest], using SpringBootContextLoader
2021-06-18 02:14:16.879  INFO 16860 --- [    Test worker] o.s.t.c.support.AbstractContextLoader    : Could not detect default resource locations for test class [com.cholongbul.book.springboot.web.IndexControllerTest]: no resource found for suffixes {-context.xml, Context.groovy}.
2021-06-18 02:14:16.879  INFO 16860 --- [    Test worker] t.c.s.AnnotationConfigContextLoaderUtils : Could not detect default configuration classes for test class [com.cholongbul.book.springboot.web.IndexControllerTest]: IndexControllerTest does not declare any static, non-private, non-final, nested classes annotated with @Configuration.
2021-06-18 02:14:16.880  INFO 16860 --- [    Test worker] .b.t.c.SpringBootTestContextBootstrapper : Found @SpringBootConfiguration com.cholongbul.book.springboot.Application for test class com.cholongbul.book.springboot.web.IndexControllerTest
2021-06-18 02:14:16.881  INFO 16860 --- [    Test worker] .b.t.c.SpringBootTestContextBootstrapper : Loaded default TestExecutionListener class names from location [META-INF/spring.factories]: [org.springframework.security.test.context.support.WithSecurityContextTestExecutionListener, org.springframework.security.test.context.support.ReactorContextTestExecutionListener, org.springframework.boot.test.autoconfigure.restdocs.RestDocsTestExecutionListener, org.springframework.boot.test.autoconfigure.web.client.MockRestServiceServerResetTestExecutionListener, org.springframework.boot.test.autoconfigure.web.servlet.MockMvcPrintOnlyOnFailureTestExecutionListener, org.springframework.boot.test.autoconfigure.web.servlet.WebDriverTestExecutionListener, org.springframework.boot.test.mock.mockito.MockitoTestExecutionListener, org.springframework.boot.test.mock.mockito.ResetMocksTestExecutionListener, org.springframework.test.context.web.ServletTestExecutionListener, org.springframework.test.context.support.DirtiesContextBeforeModesTestExecutionListener, org.springframework.test.context.support.DependencyInjectionTestExecutionListener, org.springframework.test.context.support.DirtiesContextTestExecutionListener, org.springframework.test.context.transaction.TransactionalTestExecutionListener, org.springframework.test.context.jdbc.SqlScriptsTestExecutionListener]
2021-06-18 02:14:16.881  INFO 16860 --- [    Test worker] .b.t.c.SpringBootTestContextBootstrapper : Using TestExecutionListeners: [org.springframework.test.context.web.ServletTestExecutionListener@145d4c9, org.springframework.test.context.support.DirtiesContextBeforeModesTestExecutionListener@1a3d17, org.springframework.boot.test.mock.mockito.MockitoTestExecutionListener@443a26, org.springframework.boot.test.autoconfigure.SpringBootDependencyInjectionTestExecutionListener@17761fb, org.springframework.test.context.support.DirtiesContextTestExecutionListener@bb0340, org.springframework.test.context.transaction.TransactionalTestExecutionListener@1a06cc5, org.springframework.test.context.jdbc.SqlScriptsTestExecutionListener@d6f6dd, org.springframework.security.test.context.support.WithSecurityContextTestExecutionListener@fa2ec5, org.springframework.security.test.context.support.ReactorContextTestExecutionListener@439f59, org.springframework.boot.test.autoconfigure.restdocs.RestDocsTestExecutionListener@af0d10, org.springframework.boot.test.autoconfigure.web.client.MockRestServiceServerResetTestExecutionListener@1b26646, org.springframework.boot.test.autoconfigure.web.servlet.MockMvcPrintOnlyOnFailureTestExecutionListener@71f6b3, org.springframework.boot.test.autoconfigure.web.servlet.WebDriverTestExecutionListener@520b73, org.springframework.boot.test.mock.mockito.ResetMocksTestExecutionListener@414164]

  .   ____          _            __ _ _
 /\\ / ___'_ __ _ _(_)_ __  __ _ \ \ \ \
( ( )\___ | '_ | '_| | '_ \/ _` | \ \ \ \
 \\/  ___)| |_)| | | | | || (_| |  ) ) ) )
  '  |____| .__|_| |_|_| |_\__, | / / / /
 =========|_|==============|___/=/_/_/_/
 :: Spring Boot ::        (v2.1.7.RELEASE)

2021-06-18 02:14:16.915  INFO 16860 --- [    Test worker] c.c.b.s.web.IndexControllerTest          : Starting IndexControllerTest on DESKTOP-VCVQA0D with PID 16860 (started by ejatk in C:\Users\ejatk\IdeaProjects\aws-springboot)
2021-06-18 02:14:16.915  INFO 16860 --- [    Test worker] c.c.b.s.web.IndexControllerTest          : The following profiles are active: oauth
2021-06-18 02:14:17.094  INFO 16860 --- [    Test worker] .s.d.r.c.RepositoryConfigurationDelegate : Bootstrapping Spring Data repositories in DEFAULT mode.
2021-06-18 02:14:17.111  INFO 16860 --- [    Test worker] .s.d.r.c.RepositoryConfigurationDelegate : Finished Spring Data repository scanning in 17ms. Found 2 repository interfaces.
2021-06-18 02:14:17.190  INFO 16860 --- [    Test worker] trationDelegate$BeanPostProcessorChecker : Bean 'org.springframework.transaction.annotation.ProxyTransactionManagementConfiguration' of type [org.springframework.transaction.annotation.ProxyTransactionManagementConfiguration$$EnhancerBySpringCGLIB$$9cec321f] is not eligible for getting processed by all BeanPostProcessors (for example: not eligible for auto-proxying)
2021-06-18 02:14:17.383  INFO 16860 --- [    Test worker] o.s.b.w.embedded.tomcat.TomcatWebServer  : Tomcat initialized with port(s): 0 (http)
2021-06-18 02:14:17.403  INFO 16860 --- [    Test worker] o.apache.catalina.core.StandardService   : Starting service [Tomcat]
2021-06-18 02:14:17.404  INFO 16860 --- [    Test worker] org.apache.catalina.core.StandardEngine  : Starting Servlet engine: [Apache Tomcat/9.0.22]
2021-06-18 02:14:17.531  INFO 16860 --- [    Test worker] o.a.c.c.C.[Tomcat].[localhost].[/]       : Initializing Spring embedded WebApplicationContext
2021-06-18 02:14:17.531  INFO 16860 --- [    Test worker] o.s.web.context.ContextLoader            : Root WebApplicationContext: initialization completed in 614 ms
2021-06-18 02:14:17.666  INFO 16860 --- [    Test worker] com.zaxxer.hikari.HikariDataSource       : HikariPool-2 - Starting...
2021-06-18 02:14:17.668  INFO 16860 --- [    Test worker] com.zaxxer.hikari.HikariDataSource       : HikariPool-2 - Start completed.
2021-06-18 02:14:17.694  INFO 16860 --- [    Test worker] o.hibernate.jpa.internal.util.LogHelper  : HHH000204: Processing PersistenceUnitInfo [
	name: default
	...]
2021-06-18 02:14:17.702  INFO 16860 --- [    Test worker] org.hibernate.dialect.Dialect            : HHH000400: Using dialect: org.hibernate.dialect.MySQL5Dialect
Hibernate: drop table if exists posts
Hibernate: drop table if exists user
Hibernate: create table posts (id bigint not null auto_increment, created_date datetime, modified_date datetime, author varchar(255), content TEXT not null, title varchar(500) not null, primary key (id)) engine=MyISAM
Hibernate: create table user (id bigint not null auto_increment, created_date datetime, modified_date datetime, email varchar(255) not null, name varchar(255) not null, picture varchar(255), role varchar(255) not null, primary key (id)) engine=MyISAM
2021-06-18 02:14:17.742  INFO 16860 --- [    Test worker] o.h.t.schema.internal.SchemaCreatorImpl  : HHH000476: Executing import script 'org.hibernate.tool.schema.internal.exec.ScriptSourceInputNonExistentImpl@3fec02'
2021-06-18 02:14:17.743  INFO 16860 --- [    Test worker] j.LocalContainerEntityManagerFactoryBean : Initialized JPA EntityManagerFactory for persistence unit 'default'
2021-06-18 02:14:18.001  INFO 16860 --- [    Test worker] o.h.h.i.QueryTranslatorFactoryInitiator  : HHH000397: Using ASTQueryTranslatorFactory
2021-06-18 02:14:18.127  INFO 16860 --- [    Test worker] o.s.s.web.DefaultSecurityFilterChain     : Creating filter chain: any request, [org.springframework.security.web.context.request.async.WebAsyncManagerIntegrationFilter@14bb8d2, org.springframework.security.web.context.SecurityContextPersistenceFilter@d428c8, org.springframework.security.web.header.HeaderWriterFilter@7169c6, org.springframework.security.web.authentication.logout.LogoutFilter@707918, org.springframework.security.oauth2.client.web.OAuth2AuthorizationRequestRedirectFilter@12f3226, org.springframework.security.oauth2.client.web.OAuth2LoginAuthenticationFilter@10014b6, org.springframework.security.web.authentication.ui.DefaultLoginPageGeneratingFilter@1c78240, org.springframework.security.web.authentication.ui.DefaultLogoutPageGeneratingFilter@689e5, org.springframework.security.web.savedrequest.RequestCacheAwareFilter@a31050, org.springframework.security.web.servletapi.SecurityContextHolderAwareRequestFilter@1116ddb, org.springframework.security.web.authentication.AnonymousAuthenticationFilter@f22e01, org.springframework.security.web.session.SessionManagementFilter@1c6e950, org.springframework.security.web.access.ExceptionTranslationFilter@730b01, org.springframework.security.web.access.intercept.FilterSecurityInterceptor@e8b0de]
2021-06-18 02:14:18.288  INFO 16860 --- [    Test worker] o.s.s.concurrent.ThreadPoolTaskExecutor  : Initializing ExecutorService 'applicationTaskExecutor'
2021-06-18 02:14:18.299  WARN 16860 --- [    Test worker] aWebConfiguration$JpaWebMvcConfiguration : spring.jpa.open-in-view is enabled by default. Therefore, database queries may be performed during view rendering. Explicitly configure spring.jpa.open-in-view to disable this warning
2021-06-18 02:14:18.324  INFO 16860 --- [    Test worker] o.s.b.a.w.s.WelcomePageHandlerMapping    : Adding welcome page template: index
2021-06-18 02:14:18.553  INFO 16860 --- [    Test worker] s.a.ScheduledAnnotationBeanPostProcessor : No TaskScheduler/ScheduledExecutorService bean found for scheduled processing
2021-06-18 02:14:18.568  INFO 16860 --- [    Test worker] o.s.b.w.embedded.tomcat.TomcatWebServer  : Tomcat started on port(s): 12072 (http) with context path ''
2021-06-18 02:14:18.568  INFO 16860 --- [    Test worker] c.c.b.s.web.IndexControllerTest          : Started IndexControllerTest in 1.685 seconds (JVM running for 8.244)
2021-06-18 02:14:18.637  INFO 16860 --- [o-auto-1-exec-1] o.a.c.c.C.[Tomcat].[localhost].[/]       : Initializing Spring DispatcherServlet 'dispatcherServlet'
2021-06-18 02:14:18.637  INFO 16860 --- [o-auto-1-exec-1] o.s.web.servlet.DispatcherServlet        : Initializing Servlet 'dispatcherServlet'
2021-06-18 02:14:18.650  INFO 16860 --- [o-auto-1-exec-1] o.s.web.servlet.DispatcherServlet        : Completed initialization in 13 ms
Hibernate: select posts0_.id as id1_0_, posts0_.created_date as created_2_0_, posts0_.modified_date as modified3_0_, posts0_.author as author4_0_, posts0_.content as content5_0_, posts0_.title as title6_0_ from posts posts0_ order by posts0_.id DESC
]]></system-out>
  <system-err><![CDATA[]]></system-err>
</testsuite>
