<?xml version="1.0" encoding="UTF-8"?>
<testsuite name="com.cholongbul.book.springboot.web.PostsApiControllerTest" tests="2" skipped="0" failures="0" errors="0" timestamp="2021-06-20T17:27:56" hostname="DESKTOP-VCVQA0D" time="0.087">
  <properties/>
  <testcase name="Posts_등록된다" classname="com.cholongbul.book.springboot.web.PostsApiControllerTest" time="0.066"/>
  <testcase name="Posts_수정된다" classname="com.cholongbul.book.springboot.web.PostsApiControllerTest" time="0.021"/>
  <system-out><![CDATA[2021-06-21 02:27:56.018  INFO 2232 --- [    Test worker] .b.t.c.SpringBootTestContextBootstrapper : Neither @ContextConfiguration nor @ContextHierarchy found for test class [com.cholongbul.book.springboot.web.PostsApiControllerTest], using SpringBootContextLoader
2021-06-21 02:27:56.018  INFO 2232 --- [    Test worker] o.s.t.c.support.AbstractContextLoader    : Could not detect default resource locations for test class [com.cholongbul.book.springboot.web.PostsApiControllerTest]: no resource found for suffixes {-context.xml, Context.groovy}.
2021-06-21 02:27:56.019  INFO 2232 --- [    Test worker] t.c.s.AnnotationConfigContextLoaderUtils : Could not detect default configuration classes for test class [com.cholongbul.book.springboot.web.PostsApiControllerTest]: PostsApiControllerTest does not declare any static, non-private, non-final, nested classes annotated with @Configuration.
2021-06-21 02:27:56.020  INFO 2232 --- [    Test worker] .b.t.c.SpringBootTestContextBootstrapper : Found @SpringBootConfiguration com.cholongbul.book.springboot.Application for test class com.cholongbul.book.springboot.web.PostsApiControllerTest
2021-06-21 02:27:56.021  INFO 2232 --- [    Test worker] .b.t.c.SpringBootTestContextBootstrapper : Loaded default TestExecutionListener class names from location [META-INF/spring.factories]: [org.springframework.security.test.context.support.WithSecurityContextTestExecutionListener, org.springframework.security.test.context.support.ReactorContextTestExecutionListener, org.springframework.boot.test.autoconfigure.restdocs.RestDocsTestExecutionListener, org.springframework.boot.test.autoconfigure.web.client.MockRestServiceServerResetTestExecutionListener, org.springframework.boot.test.autoconfigure.web.servlet.MockMvcPrintOnlyOnFailureTestExecutionListener, org.springframework.boot.test.autoconfigure.web.servlet.WebDriverTestExecutionListener, org.springframework.boot.test.mock.mockito.MockitoTestExecutionListener, org.springframework.boot.test.mock.mockito.ResetMocksTestExecutionListener, org.springframework.test.context.web.ServletTestExecutionListener, org.springframework.test.context.support.DirtiesContextBeforeModesTestExecutionListener, org.springframework.test.context.support.DependencyInjectionTestExecutionListener, org.springframework.test.context.support.DirtiesContextTestExecutionListener, org.springframework.test.context.transaction.TransactionalTestExecutionListener, org.springframework.test.context.jdbc.SqlScriptsTestExecutionListener]
2021-06-21 02:27:56.021  INFO 2232 --- [    Test worker] .b.t.c.SpringBootTestContextBootstrapper : Using TestExecutionListeners: [org.springframework.test.context.web.ServletTestExecutionListener@5faf2c, org.springframework.test.context.support.DirtiesContextBeforeModesTestExecutionListener@17e0612, org.springframework.boot.test.mock.mockito.MockitoTestExecutionListener@700871, org.springframework.boot.test.autoconfigure.SpringBootDependencyInjectionTestExecutionListener@15ae921, org.springframework.test.context.support.DirtiesContextTestExecutionListener@e700a9, org.springframework.test.context.transaction.TransactionalTestExecutionListener@1d6cb31, org.springframework.test.context.jdbc.SqlScriptsTestExecutionListener@1d5643a, org.springframework.security.test.context.support.WithSecurityContextTestExecutionListener@1128c00, org.springframework.security.test.context.support.ReactorContextTestExecutionListener@1502683, org.springframework.boot.test.autoconfigure.restdocs.RestDocsTestExecutionListener@8efe9b, org.springframework.boot.test.autoconfigure.web.client.MockRestServiceServerResetTestExecutionListener@6a044, org.springframework.boot.test.autoconfigure.web.servlet.MockMvcPrintOnlyOnFailureTestExecutionListener@1e34f08, org.springframework.boot.test.autoconfigure.web.servlet.WebDriverTestExecutionListener@1a51689, org.springframework.boot.test.mock.mockito.ResetMocksTestExecutionListener@5a4d40]
2021-06-21 02:27:56.027  INFO 2232 --- [    Test worker] o.a.c.c.C.[Tomcat].[localhost].[/]       : Initializing Spring TestDispatcherServlet ''
2021-06-21 02:27:56.027  INFO 2232 --- [    Test worker] o.s.t.web.servlet.TestDispatcherServlet  : Initializing Servlet ''
2021-06-21 02:27:56.029  INFO 2232 --- [    Test worker] o.s.t.web.servlet.TestDispatcherServlet  : Completed initialization in 2 ms
Hibernate: insert into posts (id, created_date, modified_date, author, content, title) values (null, ?, ?, ?, ?, ?)
Hibernate: select posts0_.id as id1_0_, posts0_.created_date as created_2_0_, posts0_.modified_date as modified3_0_, posts0_.author as author4_0_, posts0_.content as content5_0_, posts0_.title as title6_0_ from posts posts0_
Hibernate: select posts0_.id as id1_0_, posts0_.created_date as created_2_0_, posts0_.modified_date as modified3_0_, posts0_.author as author4_0_, posts0_.content as content5_0_, posts0_.title as title6_0_ from posts posts0_
Hibernate: delete from posts where id=?
2021-06-21 02:27:56.091  INFO 2232 --- [    Test worker] o.a.c.c.C.[Tomcat].[localhost].[/]       : Initializing Spring TestDispatcherServlet ''
2021-06-21 02:27:56.091  INFO 2232 --- [    Test worker] o.s.t.web.servlet.TestDispatcherServlet  : Initializing Servlet ''
2021-06-21 02:27:56.093  INFO 2232 --- [    Test worker] o.s.t.web.servlet.TestDispatcherServlet  : Completed initialization in 2 ms
Hibernate: insert into posts (id, created_date, modified_date, author, content, title) values (null, ?, ?, ?, ?, ?)
Hibernate: select posts0_.id as id1_0_0_, posts0_.created_date as created_2_0_0_, posts0_.modified_date as modified3_0_0_, posts0_.author as author4_0_0_, posts0_.content as content5_0_0_, posts0_.title as title6_0_0_ from posts posts0_ where posts0_.id=?
Hibernate: update posts set created_date=?, modified_date=?, author=?, content=?, title=? where id=?
Hibernate: select posts0_.id as id1_0_, posts0_.created_date as created_2_0_, posts0_.modified_date as modified3_0_, posts0_.author as author4_0_, posts0_.content as content5_0_, posts0_.title as title6_0_ from posts posts0_
Hibernate: select posts0_.id as id1_0_, posts0_.created_date as created_2_0_, posts0_.modified_date as modified3_0_, posts0_.author as author4_0_, posts0_.content as content5_0_, posts0_.title as title6_0_ from posts posts0_
Hibernate: delete from posts where id=?
]]></system-out>
  <system-err><![CDATA[]]></system-err>
</testsuite>
