<?xml version="1.0" encoding="UTF-8"?>
<testsuite name="com.cholongbul.book.springboot.web.HelloControllerTest" tests="2" skipped="0" failures="0" errors="0" timestamp="2021-06-20T17:27:54" hostname="DESKTOP-VCVQA0D" time="0.116">
  <properties/>
  <testcase name="hello가_리턴된다" classname="com.cholongbul.book.springboot.web.HelloControllerTest" time="0.048"/>
  <testcase name="helloDto가_리턴된다" classname="com.cholongbul.book.springboot.web.HelloControllerTest" time="0.067"/>
  <system-out><![CDATA[2021-06-21 02:27:53.281  INFO 2232 --- [    Test worker] .b.t.a.w.s.WebMvcTestContextBootstrapper : Neither @ContextConfiguration nor @ContextHierarchy found for test class [com.cholongbul.book.springboot.web.HelloControllerTest], using SpringBootContextLoader
2021-06-21 02:27:53.281  INFO 2232 --- [    Test worker] o.s.t.c.support.AbstractContextLoader    : Could not detect default resource locations for test class [com.cholongbul.book.springboot.web.HelloControllerTest]: no resource found for suffixes {-context.xml, Context.groovy}.
2021-06-21 02:27:53.281  INFO 2232 --- [    Test worker] t.c.s.AnnotationConfigContextLoaderUtils : Could not detect default configuration classes for test class [com.cholongbul.book.springboot.web.HelloControllerTest]: HelloControllerTest does not declare any static, non-private, non-final, nested classes annotated with @Configuration.
2021-06-21 02:27:53.297  INFO 2232 --- [    Test worker] .b.t.c.SpringBootTestContextBootstrapper : Found @SpringBootConfiguration com.cholongbul.book.springboot.Application for test class com.cholongbul.book.springboot.web.HelloControllerTest
2021-06-21 02:27:53.297  INFO 2232 --- [    Test worker] .b.t.a.w.s.WebMvcTestContextBootstrapper : Loaded default TestExecutionListener class names from location [META-INF/spring.factories]: [org.springframework.security.test.context.support.WithSecurityContextTestExecutionListener, org.springframework.security.test.context.support.ReactorContextTestExecutionListener, org.springframework.boot.test.autoconfigure.restdocs.RestDocsTestExecutionListener, org.springframework.boot.test.autoconfigure.web.client.MockRestServiceServerResetTestExecutionListener, org.springframework.boot.test.autoconfigure.web.servlet.MockMvcPrintOnlyOnFailureTestExecutionListener, org.springframework.boot.test.autoconfigure.web.servlet.WebDriverTestExecutionListener, org.springframework.boot.test.mock.mockito.MockitoTestExecutionListener, org.springframework.boot.test.mock.mockito.ResetMocksTestExecutionListener, org.springframework.test.context.web.ServletTestExecutionListener, org.springframework.test.context.support.DirtiesContextBeforeModesTestExecutionListener, org.springframework.test.context.support.DependencyInjectionTestExecutionListener, org.springframework.test.context.support.DirtiesContextTestExecutionListener, org.springframework.test.context.transaction.TransactionalTestExecutionListener, org.springframework.test.context.jdbc.SqlScriptsTestExecutionListener]
2021-06-21 02:27:53.298  INFO 2232 --- [    Test worker] .b.t.a.w.s.WebMvcTestContextBootstrapper : Using TestExecutionListeners: [org.springframework.test.context.web.ServletTestExecutionListener@14cc19e, org.springframework.test.context.support.DirtiesContextBeforeModesTestExecutionListener@9385eb, org.springframework.boot.test.mock.mockito.MockitoTestExecutionListener@3f52ec, org.springframework.boot.test.autoconfigure.SpringBootDependencyInjectionTestExecutionListener@98e96, org.springframework.test.context.support.DirtiesContextTestExecutionListener@1aef9f8, org.springframework.test.context.transaction.TransactionalTestExecutionListener@1a682fb, org.springframework.test.context.jdbc.SqlScriptsTestExecutionListener@12a1491, org.springframework.security.test.context.support.WithSecurityContextTestExecutionListener@12d5f1c, org.springframework.security.test.context.support.ReactorContextTestExecutionListener@1ea00b8, org.springframework.boot.test.autoconfigure.restdocs.RestDocsTestExecutionListener@af8a4, org.springframework.boot.test.autoconfigure.web.client.MockRestServiceServerResetTestExecutionListener@195f328, org.springframework.boot.test.autoconfigure.web.servlet.MockMvcPrintOnlyOnFailureTestExecutionListener@118239, org.springframework.boot.test.autoconfigure.web.servlet.WebDriverTestExecutionListener@133bcc3, org.springframework.boot.test.mock.mockito.ResetMocksTestExecutionListener@67a399]

  .   ____          _            __ _ _
 /\\ / ___'_ __ _ _(_)_ __  __ _ \ \ \ \
( ( )\___ | '_ | '_| | '_ \/ _` | \ \ \ \
 \\/  ___)| |_)| | | | | || (_| |  ) ) ) )
  '  |____| .__|_| |_|_| |_\__, | / / / /
 =========|_|==============|___/=/_/_/_/
 :: Spring Boot ::        (v2.1.7.RELEASE)

2021-06-21 02:27:53.331  INFO 2232 --- [    Test worker] c.c.b.s.web.HelloControllerTest          : Starting HelloControllerTest on DESKTOP-VCVQA0D with PID 2232 (started by ejatk in C:\Users\ejatk\IdeaProjects\aws-springboot)
2021-06-21 02:27:53.331  INFO 2232 --- [    Test worker] c.c.b.s.web.HelloControllerTest          : The following profiles are active: oauth
2021-06-21 02:27:53.662  INFO 2232 --- [    Test worker] o.s.s.concurrent.ThreadPoolTaskExecutor  : Initializing ExecutorService 'applicationTaskExecutor'
2021-06-21 02:27:53.686  INFO 2232 --- [    Test worker] o.s.b.a.w.s.WelcomePageHandlerMapping    : Adding welcome page template: index
2021-06-21 02:27:53.846  INFO 2232 --- [    Test worker] .s.s.UserDetailsServiceAutoConfiguration : 

Using generated security password: 63f7e92e-2b4a-448e-879e-5d37149b052d

2021-06-21 02:27:53.952  INFO 2232 --- [    Test worker] o.s.s.web.DefaultSecurityFilterChain     : Creating filter chain: any request, [org.springframework.security.web.context.request.async.WebAsyncManagerIntegrationFilter@732c9f, org.springframework.security.web.context.SecurityContextPersistenceFilter@ff0b52, org.springframework.security.web.header.HeaderWriterFilter@3bead, org.springframework.security.web.csrf.CsrfFilter@151c0da, org.springframework.security.web.authentication.logout.LogoutFilter@1e28e0c, org.springframework.security.web.authentication.UsernamePasswordAuthenticationFilter@11d2676, org.springframework.security.web.authentication.ui.DefaultLoginPageGeneratingFilter@1879a44, org.springframework.security.web.authentication.ui.DefaultLogoutPageGeneratingFilter@9d385a, org.springframework.security.web.authentication.www.BasicAuthenticationFilter@e9ed05, org.springframework.security.web.savedrequest.RequestCacheAwareFilter@6cd624, org.springframework.security.web.servletapi.SecurityContextHolderAwareRequestFilter@1b7f892, org.springframework.security.web.authentication.AnonymousAuthenticationFilter@1cd6009, org.springframework.security.web.session.SessionManagementFilter@155ff67, org.springframework.security.web.access.ExceptionTranslationFilter@1f4ae7f, org.springframework.security.web.access.intercept.FilterSecurityInterceptor@d6da66]
2021-06-21 02:27:53.977  INFO 2232 --- [    Test worker] o.s.b.t.m.w.SpringBootMockServletContext : Initializing Spring TestDispatcherServlet ''
2021-06-21 02:27:53.977  INFO 2232 --- [    Test worker] o.s.t.web.servlet.TestDispatcherServlet  : Initializing Servlet ''
2021-06-21 02:27:53.987  INFO 2232 --- [    Test worker] o.s.t.web.servlet.TestDispatcherServlet  : Completed initialization in 10 ms
2021-06-21 02:27:54.012  INFO 2232 --- [    Test worker] c.c.b.s.web.HelloControllerTest          : Started HelloControllerTest in 0.712 seconds (JVM running for 6.415)
]]></system-out>
  <system-err><![CDATA[]]></system-err>
</testsuite>
