<?xml version="1.0" encoding="UTF-8"?>
<testsuite name="com.cholongbul.book.springboot.web.HelloControllerTest" tests="2" skipped="0" failures="0" errors="0" timestamp="2021-06-19T15:36:55" hostname="DESKTOP-VCVQA0D" time="0.126">
  <properties/>
  <testcase name="hello가_리턴된다" classname="com.cholongbul.book.springboot.web.HelloControllerTest" time="0.054"/>
  <testcase name="helloDto가_리턴된다" classname="com.cholongbul.book.springboot.web.HelloControllerTest" time="0.072"/>
  <system-out><![CDATA[2021-06-20 00:36:54.597  INFO 16788 --- [    Test worker] .b.t.a.w.s.WebMvcTestContextBootstrapper : Neither @ContextConfiguration nor @ContextHierarchy found for test class [com.cholongbul.book.springboot.web.HelloControllerTest], using SpringBootContextLoader
2021-06-20 00:36:54.598  INFO 16788 --- [    Test worker] o.s.t.c.support.AbstractContextLoader    : Could not detect default resource locations for test class [com.cholongbul.book.springboot.web.HelloControllerTest]: no resource found for suffixes {-context.xml, Context.groovy}.
2021-06-20 00:36:54.598  INFO 16788 --- [    Test worker] t.c.s.AnnotationConfigContextLoaderUtils : Could not detect default configuration classes for test class [com.cholongbul.book.springboot.web.HelloControllerTest]: HelloControllerTest does not declare any static, non-private, non-final, nested classes annotated with @Configuration.
2021-06-20 00:36:54.620  INFO 16788 --- [    Test worker] .b.t.c.SpringBootTestContextBootstrapper : Found @SpringBootConfiguration com.cholongbul.book.springboot.Application for test class com.cholongbul.book.springboot.web.HelloControllerTest
2021-06-20 00:36:54.620  INFO 16788 --- [    Test worker] .b.t.a.w.s.WebMvcTestContextBootstrapper : Loaded default TestExecutionListener class names from location [META-INF/spring.factories]: [org.springframework.security.test.context.support.WithSecurityContextTestExecutionListener, org.springframework.security.test.context.support.ReactorContextTestExecutionListener, org.springframework.boot.test.autoconfigure.restdocs.RestDocsTestExecutionListener, org.springframework.boot.test.autoconfigure.web.client.MockRestServiceServerResetTestExecutionListener, org.springframework.boot.test.autoconfigure.web.servlet.MockMvcPrintOnlyOnFailureTestExecutionListener, org.springframework.boot.test.autoconfigure.web.servlet.WebDriverTestExecutionListener, org.springframework.boot.test.mock.mockito.MockitoTestExecutionListener, org.springframework.boot.test.mock.mockito.ResetMocksTestExecutionListener, org.springframework.test.context.web.ServletTestExecutionListener, org.springframework.test.context.support.DirtiesContextBeforeModesTestExecutionListener, org.springframework.test.context.support.DependencyInjectionTestExecutionListener, org.springframework.test.context.support.DirtiesContextTestExecutionListener, org.springframework.test.context.transaction.TransactionalTestExecutionListener, org.springframework.test.context.jdbc.SqlScriptsTestExecutionListener]
2021-06-20 00:36:54.621  INFO 16788 --- [    Test worker] .b.t.a.w.s.WebMvcTestContextBootstrapper : Using TestExecutionListeners: [org.springframework.test.context.web.ServletTestExecutionListener@435a1f, org.springframework.test.context.support.DirtiesContextBeforeModesTestExecutionListener@173917f, org.springframework.boot.test.mock.mockito.MockitoTestExecutionListener@2df067, org.springframework.boot.test.autoconfigure.SpringBootDependencyInjectionTestExecutionListener@1bdaa4a, org.springframework.test.context.support.DirtiesContextTestExecutionListener@1888e40, org.springframework.test.context.transaction.TransactionalTestExecutionListener@cb1e27, org.springframework.test.context.jdbc.SqlScriptsTestExecutionListener@1c66e91, org.springframework.security.test.context.support.WithSecurityContextTestExecutionListener@1697959, org.springframework.security.test.context.support.ReactorContextTestExecutionListener@dc07fa, org.springframework.boot.test.autoconfigure.restdocs.RestDocsTestExecutionListener@e1860, org.springframework.boot.test.autoconfigure.web.client.MockRestServiceServerResetTestExecutionListener@9c5296, org.springframework.boot.test.autoconfigure.web.servlet.MockMvcPrintOnlyOnFailureTestExecutionListener@275aed, org.springframework.boot.test.autoconfigure.web.servlet.WebDriverTestExecutionListener@387744, org.springframework.boot.test.mock.mockito.ResetMocksTestExecutionListener@71a43b]

  .   ____          _            __ _ _
 /\\ / ___'_ __ _ _(_)_ __  __ _ \ \ \ \
( ( )\___ | '_ | '_| | '_ \/ _` | \ \ \ \
 \\/  ___)| |_)| | | | | || (_| |  ) ) ) )
  '  |____| .__|_| |_|_| |_\__, | / / / /
 =========|_|==============|___/=/_/_/_/
 :: Spring Boot ::        (v2.1.7.RELEASE)

2021-06-20 00:36:54.653  INFO 16788 --- [    Test worker] c.c.b.s.web.HelloControllerTest          : Starting HelloControllerTest on DESKTOP-VCVQA0D with PID 16788 (started by ejatk in C:\Users\ejatk\IdeaProjects\aws-springboot)
2021-06-20 00:36:54.653  INFO 16788 --- [    Test worker] c.c.b.s.web.HelloControllerTest          : The following profiles are active: oauth
2021-06-20 00:36:55.043  INFO 16788 --- [    Test worker] o.s.s.concurrent.ThreadPoolTaskExecutor  : Initializing ExecutorService 'applicationTaskExecutor'
2021-06-20 00:36:55.067  INFO 16788 --- [    Test worker] o.s.b.a.w.s.WelcomePageHandlerMapping    : Adding welcome page template: index
2021-06-20 00:36:55.227  INFO 16788 --- [    Test worker] .s.s.UserDetailsServiceAutoConfiguration : 

Using generated security password: f67d5419-83a4-4e3b-aa34-e46cc9d9a86a

2021-06-20 00:36:55.334  INFO 16788 --- [    Test worker] o.s.s.web.DefaultSecurityFilterChain     : Creating filter chain: any request, [org.springframework.security.web.context.request.async.WebAsyncManagerIntegrationFilter@f2d17f, org.springframework.security.web.context.SecurityContextPersistenceFilter@1794ded, org.springframework.security.web.header.HeaderWriterFilter@18c5edd, org.springframework.security.web.csrf.CsrfFilter@1117db9, org.springframework.security.web.authentication.logout.LogoutFilter@fee929, org.springframework.security.web.authentication.UsernamePasswordAuthenticationFilter@2655a7, org.springframework.security.web.authentication.ui.DefaultLoginPageGeneratingFilter@9c11ed, org.springframework.security.web.authentication.ui.DefaultLogoutPageGeneratingFilter@19ea270, org.springframework.security.web.authentication.www.BasicAuthenticationFilter@cb11e1, org.springframework.security.web.savedrequest.RequestCacheAwareFilter@3bc312, org.springframework.security.web.servletapi.SecurityContextHolderAwareRequestFilter@1821a7e, org.springframework.security.web.authentication.AnonymousAuthenticationFilter@16af03b, org.springframework.security.web.session.SessionManagementFilter@11a03e0, org.springframework.security.web.access.ExceptionTranslationFilter@180d56d, org.springframework.security.web.access.intercept.FilterSecurityInterceptor@3ac91f]
2021-06-20 00:36:55.363  INFO 16788 --- [    Test worker] o.s.b.t.m.w.SpringBootMockServletContext : Initializing Spring TestDispatcherServlet ''
2021-06-20 00:36:55.363  INFO 16788 --- [    Test worker] o.s.t.web.servlet.TestDispatcherServlet  : Initializing Servlet ''
2021-06-20 00:36:55.375  INFO 16788 --- [    Test worker] o.s.t.web.servlet.TestDispatcherServlet  : Completed initialization in 12 ms
2021-06-20 00:36:55.402  INFO 16788 --- [    Test worker] c.c.b.s.web.HelloControllerTest          : Started HelloControllerTest in 0.78 seconds (JVM running for 7.219)
]]></system-out>
  <system-err><![CDATA[]]></system-err>
</testsuite>
