<?xml version="1.0" encoding="UTF-8"?>
<testsuite name="com.cholongbul.book.springboot.domain.posts.PostsRepositoryTest" tests="2" skipped="0" failures="0" errors="0" timestamp="2021-06-17T17:14:16" hostname="DESKTOP-VCVQA0D" time="0.156">
  <properties/>
  <testcase name="게시글저장_불러오기" classname="com.cholongbul.book.springboot.domain.posts.PostsRepositoryTest" time="0.15"/>
  <testcase name="BaseTimeEntity_등록" classname="com.cholongbul.book.springboot.domain.posts.PostsRepositoryTest" time="0.006"/>
  <system-out><![CDATA[2021-06-18 02:14:13.352  INFO 16860 --- [    Test worker] .b.t.c.SpringBootTestContextBootstrapper : Neither @ContextConfiguration nor @ContextHierarchy found for test class [com.cholongbul.book.springboot.domain.posts.PostsRepositoryTest], using SpringBootContextLoader
2021-06-18 02:14:13.352  INFO 16860 --- [    Test worker] o.s.t.c.support.AbstractContextLoader    : Could not detect default resource locations for test class [com.cholongbul.book.springboot.domain.posts.PostsRepositoryTest]: no resource found for suffixes {-context.xml, Context.groovy}.
2021-06-18 02:14:13.352  INFO 16860 --- [    Test worker] t.c.s.AnnotationConfigContextLoaderUtils : Could not detect default configuration classes for test class [com.cholongbul.book.springboot.domain.posts.PostsRepositoryTest]: PostsRepositoryTest does not declare any static, non-private, non-final, nested classes annotated with @Configuration.
2021-06-18 02:14:13.359  INFO 16860 --- [    Test worker] .b.t.c.SpringBootTestContextBootstrapper : Found @SpringBootConfiguration com.cholongbul.book.springboot.Application for test class com.cholongbul.book.springboot.domain.posts.PostsRepositoryTest
2021-06-18 02:14:13.360  INFO 16860 --- [    Test worker] .b.t.c.SpringBootTestContextBootstrapper : Loaded default TestExecutionListener class names from location [META-INF/spring.factories]: [org.springframework.security.test.context.support.WithSecurityContextTestExecutionListener, org.springframework.security.test.context.support.ReactorContextTestExecutionListener, org.springframework.boot.test.autoconfigure.restdocs.RestDocsTestExecutionListener, org.springframework.boot.test.autoconfigure.web.client.MockRestServiceServerResetTestExecutionListener, org.springframework.boot.test.autoconfigure.web.servlet.MockMvcPrintOnlyOnFailureTestExecutionListener, org.springframework.boot.test.autoconfigure.web.servlet.WebDriverTestExecutionListener, org.springframework.boot.test.mock.mockito.MockitoTestExecutionListener, org.springframework.boot.test.mock.mockito.ResetMocksTestExecutionListener, org.springframework.test.context.web.ServletTestExecutionListener, org.springframework.test.context.support.DirtiesContextBeforeModesTestExecutionListener, org.springframework.test.context.support.DependencyInjectionTestExecutionListener, org.springframework.test.context.support.DirtiesContextTestExecutionListener, org.springframework.test.context.transaction.TransactionalTestExecutionListener, org.springframework.test.context.jdbc.SqlScriptsTestExecutionListener]
2021-06-18 02:14:13.361  INFO 16860 --- [    Test worker] .b.t.c.SpringBootTestContextBootstrapper : Using TestExecutionListeners: [org.springframework.test.context.web.ServletTestExecutionListener@1eff890, org.springframework.test.context.support.DirtiesContextBeforeModesTestExecutionListener@17befe1, org.springframework.boot.test.mock.mockito.MockitoTestExecutionListener@1b7297, org.springframework.boot.test.autoconfigure.SpringBootDependencyInjectionTestExecutionListener@156fbdb, org.springframework.test.context.support.DirtiesContextTestExecutionListener@183a499, org.springframework.test.context.transaction.TransactionalTestExecutionListener@16b54ef, org.springframework.test.context.jdbc.SqlScriptsTestExecutionListener@cf1f5f, org.springframework.security.test.context.support.WithSecurityContextTestExecutionListener@95bf3e, org.springframework.security.test.context.support.ReactorContextTestExecutionListener@b46519, org.springframework.boot.test.autoconfigure.restdocs.RestDocsTestExecutionListener@15584cc, org.springframework.boot.test.autoconfigure.web.client.MockRestServiceServerResetTestExecutionListener@14452de, org.springframework.boot.test.autoconfigure.web.servlet.MockMvcPrintOnlyOnFailureTestExecutionListener@b7187, org.springframework.boot.test.autoconfigure.web.servlet.WebDriverTestExecutionListener@13c4472, org.springframework.boot.test.mock.mockito.ResetMocksTestExecutionListener@c6c27d]

  .   ____          _            __ _ _
 /\\ / ___'_ __ _ _(_)_ __  __ _ \ \ \ \
( ( )\___ | '_ | '_| | '_ \/ _` | \ \ \ \
 \\/  ___)| |_)| | | | | || (_| |  ) ) ) )
  '  |____| .__|_| |_|_| |_\__, | / / / /
 =========|_|==============|___/=/_/_/_/
 :: Spring Boot ::        (v2.1.7.RELEASE)

2021-06-18 02:14:13.392  INFO 16860 --- [    Test worker] c.c.b.s.d.posts.PostsRepositoryTest      : Starting PostsRepositoryTest on DESKTOP-VCVQA0D with PID 16860 (started by ejatk in C:\Users\ejatk\IdeaProjects\aws-springboot)
2021-06-18 02:14:13.392  INFO 16860 --- [    Test worker] c.c.b.s.d.posts.PostsRepositoryTest      : The following profiles are active: oauth
2021-06-18 02:14:13.678  INFO 16860 --- [    Test worker] .s.d.r.c.RepositoryConfigurationDelegate : Bootstrapping Spring Data repositories in DEFAULT mode.
2021-06-18 02:14:13.734  INFO 16860 --- [    Test worker] .s.d.r.c.RepositoryConfigurationDelegate : Finished Spring Data repository scanning in 50ms. Found 2 repository interfaces.
2021-06-18 02:14:13.968  INFO 16860 --- [    Test worker] trationDelegate$BeanPostProcessorChecker : Bean 'org.springframework.transaction.annotation.ProxyTransactionManagementConfiguration' of type [org.springframework.transaction.annotation.ProxyTransactionManagementConfiguration$$EnhancerBySpringCGLIB$$9cec321f] is not eligible for getting processed by all BeanPostProcessors (for example: not eligible for auto-proxying)
2021-06-18 02:14:14.098  INFO 16860 --- [    Test worker] com.zaxxer.hikari.HikariDataSource       : HikariPool-1 - Starting...
2021-06-18 02:14:14.261  INFO 16860 --- [    Test worker] com.zaxxer.hikari.HikariDataSource       : HikariPool-1 - Start completed.
2021-06-18 02:14:14.332  INFO 16860 --- [    Test worker] o.hibernate.jpa.internal.util.LogHelper  : HHH000204: Processing PersistenceUnitInfo [
	name: default
	...]
2021-06-18 02:14:14.399  INFO 16860 --- [    Test worker] org.hibernate.Version                    : HHH000412: Hibernate Core {5.3.10.Final}
2021-06-18 02:14:14.400  INFO 16860 --- [    Test worker] org.hibernate.cfg.Environment            : HHH000206: hibernate.properties not found
2021-06-18 02:14:14.452  INFO 16860 --- [    Test worker] o.hibernate.annotations.common.Version   : HCANN000001: Hibernate Commons Annotations {5.0.4.Final}
2021-06-18 02:14:14.595  INFO 16860 --- [    Test worker] org.hibernate.dialect.Dialect            : HHH000400: Using dialect: org.hibernate.dialect.MySQL5Dialect
Hibernate: drop table if exists posts
Hibernate: drop table if exists user
Hibernate: create table posts (id bigint not null auto_increment, created_date datetime, modified_date datetime, author varchar(255), content TEXT not null, title varchar(500) not null, primary key (id)) engine=MyISAM
Hibernate: create table user (id bigint not null auto_increment, created_date datetime, modified_date datetime, email varchar(255) not null, name varchar(255) not null, picture varchar(255), role varchar(255) not null, primary key (id)) engine=MyISAM
2021-06-18 02:14:15.239  INFO 16860 --- [    Test worker] o.h.t.schema.internal.SchemaCreatorImpl  : HHH000476: Executing import script 'org.hibernate.tool.schema.internal.exec.ScriptSourceInputNonExistentImpl@3fec02'
2021-06-18 02:14:15.242  INFO 16860 --- [    Test worker] j.LocalContainerEntityManagerFactoryBean : Initialized JPA EntityManagerFactory for persistence unit 'default'
2021-06-18 02:14:15.665  INFO 16860 --- [    Test worker] o.h.h.i.QueryTranslatorFactoryInitiator  : HHH000397: Using ASTQueryTranslatorFactory
2021-06-18 02:14:15.920  INFO 16860 --- [    Test worker] o.s.s.web.DefaultSecurityFilterChain     : Creating filter chain: any request, [org.springframework.security.web.context.request.async.WebAsyncManagerIntegrationFilter@4421d0, org.springframework.security.web.context.SecurityContextPersistenceFilter@1d58aa7, org.springframework.security.web.header.HeaderWriterFilter@1863477, org.springframework.security.web.authentication.logout.LogoutFilter@c6a22d, org.springframework.security.oauth2.client.web.OAuth2AuthorizationRequestRedirectFilter@b665cd, org.springframework.security.oauth2.client.web.OAuth2LoginAuthenticationFilter@1140c06, org.springframework.security.web.authentication.ui.DefaultLoginPageGeneratingFilter@1b9994f, org.springframework.security.web.authentication.ui.DefaultLogoutPageGeneratingFilter@775b6c, org.springframework.security.web.savedrequest.RequestCacheAwareFilter@1736684, org.springframework.security.web.servletapi.SecurityContextHolderAwareRequestFilter@130d2d1, org.springframework.security.web.authentication.AnonymousAuthenticationFilter@13e1ad8, org.springframework.security.web.session.SessionManagementFilter@164beb, org.springframework.security.web.access.ExceptionTranslationFilter@2dc6a7, org.springframework.security.web.access.intercept.FilterSecurityInterceptor@e382d3]
2021-06-18 02:14:16.288  INFO 16860 --- [    Test worker] o.s.s.concurrent.ThreadPoolTaskExecutor  : Initializing ExecutorService 'applicationTaskExecutor'
2021-06-18 02:14:16.302  WARN 16860 --- [    Test worker] aWebConfiguration$JpaWebMvcConfiguration : spring.jpa.open-in-view is enabled by default. Therefore, database queries may be performed during view rendering. Explicitly configure spring.jpa.open-in-view to disable this warning
2021-06-18 02:14:16.334  INFO 16860 --- [    Test worker] o.s.b.a.w.s.WelcomePageHandlerMapping    : Adding welcome page template: index
2021-06-18 02:14:16.708  INFO 16860 --- [    Test worker] s.a.ScheduledAnnotationBeanPostProcessor : No TaskScheduler/ScheduledExecutorService bean found for scheduled processing
2021-06-18 02:14:16.713  INFO 16860 --- [    Test worker] c.c.b.s.d.posts.PostsRepositoryTest      : Started PostsRepositoryTest in 3.351 seconds (JVM running for 6.389)
Hibernate: insert into posts (created_date, modified_date, author, content, title) values (?, ?, ?, ?, ?)
Hibernate: select posts0_.id as id1_0_, posts0_.created_date as created_2_0_, posts0_.modified_date as modified3_0_, posts0_.author as author4_0_, posts0_.content as content5_0_, posts0_.title as title6_0_ from posts posts0_
Hibernate: select posts0_.id as id1_0_, posts0_.created_date as created_2_0_, posts0_.modified_date as modified3_0_, posts0_.author as author4_0_, posts0_.content as content5_0_, posts0_.title as title6_0_ from posts posts0_
Hibernate: delete from posts where id=?
Hibernate: insert into posts (created_date, modified_date, author, content, title) values (?, ?, ?, ?, ?)
Hibernate: select posts0_.id as id1_0_, posts0_.created_date as created_2_0_, posts0_.modified_date as modified3_0_, posts0_.author as author4_0_, posts0_.content as content5_0_, posts0_.title as title6_0_ from posts posts0_
>>>>>> createDate=2021-06-18T02:14:16.869, modifiedDate=2021-06-18T02:14:16.869
Hibernate: select posts0_.id as id1_0_, posts0_.created_date as created_2_0_, posts0_.modified_date as modified3_0_, posts0_.author as author4_0_, posts0_.content as content5_0_, posts0_.title as title6_0_ from posts posts0_
Hibernate: delete from posts where id=?
]]></system-out>
  <system-err><![CDATA[]]></system-err>
</testsuite>
