<?xml version="1.0" encoding="UTF-8"?>
<testsuite name="com.cholongbul.book.springboot.web.ProfileControllerTest" tests="1" skipped="0" failures="0" errors="0" timestamp="2021-06-20T21:01:55" hostname="DESKTOP-VCVQA0D" time="0.244">
  <properties/>
  <testcase name="profile은_인증없이_호출된다" classname="com.cholongbul.book.springboot.web.ProfileControllerTest" time="0.244"/>
  <system-out><![CDATA[06:01:50.489 [Test worker] DEBUG org.springframework.test.context.junit4.SpringJUnit4ClassRunner - SpringJUnit4ClassRunner constructor called with [class com.cholongbul.book.springboot.web.ProfileControllerTest]
06:01:50.495 [Test worker] DEBUG org.springframework.test.context.BootstrapUtils - Instantiating CacheAwareContextLoaderDelegate from class [org.springframework.test.context.cache.DefaultCacheAwareContextLoaderDelegate]
06:01:50.502 [Test worker] DEBUG org.springframework.test.context.BootstrapUtils - Instantiating BootstrapContext using constructor [public org.springframework.test.context.support.DefaultBootstrapContext(java.lang.Class,org.springframework.test.context.CacheAwareContextLoaderDelegate)]
06:01:50.516 [Test worker] DEBUG org.springframework.test.context.BootstrapUtils - Instantiating TestContextBootstrapper for test class [com.cholongbul.book.springboot.web.ProfileControllerTest] from class [org.springframework.boot.test.context.SpringBootTestContextBootstrapper]
06:01:50.528 [Test worker] INFO org.springframework.boot.test.context.SpringBootTestContextBootstrapper - Neither @ContextConfiguration nor @ContextHierarchy found for test class [com.cholongbul.book.springboot.web.ProfileControllerTest], using SpringBootContextLoader
06:01:50.531 [Test worker] DEBUG org.springframework.test.context.support.AbstractContextLoader - Did not detect default resource location for test class [com.cholongbul.book.springboot.web.ProfileControllerTest]: class path resource [com/cholongbul/book/springboot/web/ProfileControllerTest-context.xml] does not exist
06:01:50.532 [Test worker] DEBUG org.springframework.test.context.support.AbstractContextLoader - Did not detect default resource location for test class [com.cholongbul.book.springboot.web.ProfileControllerTest]: class path resource [com/cholongbul/book/springboot/web/ProfileControllerTestContext.groovy] does not exist
06:01:50.532 [Test worker] INFO org.springframework.test.context.support.AbstractContextLoader - Could not detect default resource locations for test class [com.cholongbul.book.springboot.web.ProfileControllerTest]: no resource found for suffixes {-context.xml, Context.groovy}.
06:01:50.532 [Test worker] INFO org.springframework.test.context.support.AnnotationConfigContextLoaderUtils - Could not detect default configuration classes for test class [com.cholongbul.book.springboot.web.ProfileControllerTest]: ProfileControllerTest does not declare any static, non-private, non-final, nested classes annotated with @Configuration.
06:01:50.565 [Test worker] DEBUG org.springframework.test.context.support.ActiveProfilesUtils - Could not find an 'annotation declaring class' for annotation type [org.springframework.test.context.ActiveProfiles] and class [com.cholongbul.book.springboot.web.ProfileControllerTest]
06:01:50.648 [Test worker] DEBUG org.springframework.context.annotation.ClassPathScanningCandidateComponentProvider - Identified candidate component class: file [C:\Users\ejatk\IdeaProjects\aws-springboot\build\classes\java\main\com\cholongbul\book\springboot\Application.class]
06:01:50.649 [Test worker] INFO org.springframework.boot.test.context.SpringBootTestContextBootstrapper - Found @SpringBootConfiguration com.cholongbul.book.springboot.Application for test class com.cholongbul.book.springboot.web.ProfileControllerTest
06:01:50.734 [Test worker] DEBUG org.springframework.boot.test.context.SpringBootTestContextBootstrapper - @TestExecutionListeners is not present for class [com.cholongbul.book.springboot.web.ProfileControllerTest]: using defaults.
06:01:50.734 [Test worker] INFO org.springframework.boot.test.context.SpringBootTestContextBootstrapper - Loaded default TestExecutionListener class names from location [META-INF/spring.factories]: [org.springframework.security.test.context.support.WithSecurityContextTestExecutionListener, org.springframework.security.test.context.support.ReactorContextTestExecutionListener, org.springframework.boot.test.autoconfigure.restdocs.RestDocsTestExecutionListener, org.springframework.boot.test.autoconfigure.web.client.MockRestServiceServerResetTestExecutionListener, org.springframework.boot.test.autoconfigure.web.servlet.MockMvcPrintOnlyOnFailureTestExecutionListener, org.springframework.boot.test.autoconfigure.web.servlet.WebDriverTestExecutionListener, org.springframework.boot.test.mock.mockito.MockitoTestExecutionListener, org.springframework.boot.test.mock.mockito.ResetMocksTestExecutionListener, org.springframework.test.context.web.ServletTestExecutionListener, org.springframework.test.context.support.DirtiesContextBeforeModesTestExecutionListener, org.springframework.test.context.support.DependencyInjectionTestExecutionListener, org.springframework.test.context.support.DirtiesContextTestExecutionListener, org.springframework.test.context.transaction.TransactionalTestExecutionListener, org.springframework.test.context.jdbc.SqlScriptsTestExecutionListener]
06:01:50.753 [Test worker] INFO org.springframework.boot.test.context.SpringBootTestContextBootstrapper - Using TestExecutionListeners: [org.springframework.test.context.web.ServletTestExecutionListener@88ad8e, org.springframework.test.context.support.DirtiesContextBeforeModesTestExecutionListener@9fc2a6, org.springframework.boot.test.mock.mockito.MockitoTestExecutionListener@ef1dfe, org.springframework.boot.test.autoconfigure.SpringBootDependencyInjectionTestExecutionListener@13c23cc, org.springframework.test.context.support.DirtiesContextTestExecutionListener@a916b8, org.springframework.test.context.transaction.TransactionalTestExecutionListener@4b6cf9, org.springframework.test.context.jdbc.SqlScriptsTestExecutionListener@e98ee3, org.springframework.security.test.context.support.WithSecurityContextTestExecutionListener@4bf431, org.springframework.security.test.context.support.ReactorContextTestExecutionListener@f3516, org.springframework.boot.test.autoconfigure.restdocs.RestDocsTestExecutionListener@100bd0a, org.springframework.boot.test.autoconfigure.web.client.MockRestServiceServerResetTestExecutionListener@108b15f, org.springframework.boot.test.autoconfigure.web.servlet.MockMvcPrintOnlyOnFailureTestExecutionListener@e731f3, org.springframework.boot.test.autoconfigure.web.servlet.WebDriverTestExecutionListener@13b053c, org.springframework.boot.test.mock.mockito.ResetMocksTestExecutionListener@1f719fc]
06:01:50.754 [Test worker] DEBUG org.springframework.test.annotation.ProfileValueUtils - Retrieved @ProfileValueSourceConfiguration [null] for test class [com.cholongbul.book.springboot.web.ProfileControllerTest]
06:01:50.755 [Test worker] DEBUG org.springframework.test.annotation.ProfileValueUtils - Retrieved ProfileValueSource type [class org.springframework.test.annotation.SystemProfileValueSource] for class [com.cholongbul.book.springboot.web.ProfileControllerTest]
06:01:50.755 [Test worker] DEBUG org.springframework.test.annotation.ProfileValueUtils - Retrieved @ProfileValueSourceConfiguration [null] for test class [com.cholongbul.book.springboot.web.ProfileControllerTest]
06:01:50.755 [Test worker] DEBUG org.springframework.test.annotation.ProfileValueUtils - Retrieved ProfileValueSource type [class org.springframework.test.annotation.SystemProfileValueSource] for class [com.cholongbul.book.springboot.web.ProfileControllerTest]
06:01:50.757 [Test worker] DEBUG org.springframework.test.annotation.ProfileValueUtils - Retrieved @ProfileValueSourceConfiguration [null] for test class [com.cholongbul.book.springboot.web.ProfileControllerTest]
06:01:50.757 [Test worker] DEBUG org.springframework.test.annotation.ProfileValueUtils - Retrieved ProfileValueSource type [class org.springframework.test.annotation.SystemProfileValueSource] for class [com.cholongbul.book.springboot.web.ProfileControllerTest]
06:01:50.758 [Test worker] DEBUG org.springframework.test.annotation.ProfileValueUtils - Retrieved @ProfileValueSourceConfiguration [null] for test class [com.cholongbul.book.springboot.web.ProfileControllerTest]
06:01:50.758 [Test worker] DEBUG org.springframework.test.annotation.ProfileValueUtils - Retrieved ProfileValueSource type [class org.springframework.test.annotation.SystemProfileValueSource] for class [com.cholongbul.book.springboot.web.ProfileControllerTest]
06:01:50.758 [Test worker] DEBUG org.springframework.test.annotation.ProfileValueUtils - Retrieved @ProfileValueSourceConfiguration [null] for test class [com.cholongbul.book.springboot.web.ProfileControllerTest]
06:01:50.758 [Test worker] DEBUG org.springframework.test.annotation.ProfileValueUtils - Retrieved ProfileValueSource type [class org.springframework.test.annotation.SystemProfileValueSource] for class [com.cholongbul.book.springboot.web.ProfileControllerTest]
06:01:50.764 [Test worker] DEBUG org.springframework.test.context.support.AbstractDirtiesContextTestExecutionListener - Before test class: context [DefaultTestContext@6f0f45 testClass = ProfileControllerTest, testInstance = [null], testMethod = [null], testException = [null], mergedContextConfiguration = [WebMergedContextConfiguration@122c819 testClass = ProfileControllerTest, locations = '{}', classes = '{class com.cholongbul.book.springboot.Application}', contextInitializerClasses = '[]', activeProfiles = '{}', propertySourceLocations = '{}', propertySourceProperties = '{org.springframework.boot.test.context.SpringBootTestContextBootstrapper=true, server.port=0}', contextCustomizers = set[org.springframework.boot.test.autoconfigure.properties.PropertyMappingContextCustomizer@0, org.springframework.boot.test.autoconfigure.web.servlet.WebDriverContextCustomizerFactory$Customizer@8783ae, org.springframework.boot.test.context.filter.ExcludeFilterContextCustomizer@641cff, org.springframework.boot.test.json.DuplicateJsonObjectContextCustomizerFactory$DuplicateJsonObjectContextCustomizer@1137fa1, org.springframework.boot.test.mock.mockito.MockitoContextCustomizer@0, org.springframework.boot.test.web.client.TestRestTemplateContextCustomizer@1426688], resourceBasePath = 'src/main/webapp', contextLoader = 'org.springframework.boot.test.context.SpringBootContextLoader', parent = [null]], attributes = map['org.springframework.test.context.web.ServletTestExecutionListener.activateListener' -> false]], class annotated with @DirtiesContext [false] with mode [null].
06:01:50.765 [Test worker] DEBUG org.springframework.test.annotation.ProfileValueUtils - Retrieved @ProfileValueSourceConfiguration [null] for test class [com.cholongbul.book.springboot.web.ProfileControllerTest]
06:01:50.765 [Test worker] DEBUG org.springframework.test.annotation.ProfileValueUtils - Retrieved ProfileValueSource type [class org.springframework.test.annotation.SystemProfileValueSource] for class [com.cholongbul.book.springboot.web.ProfileControllerTest]
06:01:50.769 [Test worker] DEBUG org.springframework.test.context.support.DependencyInjectionTestExecutionListener - Performing dependency injection for test context [[DefaultTestContext@6f0f45 testClass = ProfileControllerTest, testInstance = com.cholongbul.book.springboot.web.ProfileControllerTest@1cacb52, testMethod = [null], testException = [null], mergedContextConfiguration = [WebMergedContextConfiguration@122c819 testClass = ProfileControllerTest, locations = '{}', classes = '{class com.cholongbul.book.springboot.Application}', contextInitializerClasses = '[]', activeProfiles = '{}', propertySourceLocations = '{}', propertySourceProperties = '{org.springframework.boot.test.context.SpringBootTestContextBootstrapper=true, server.port=0}', contextCustomizers = set[org.springframework.boot.test.autoconfigure.properties.PropertyMappingContextCustomizer@0, org.springframework.boot.test.autoconfigure.web.servlet.WebDriverContextCustomizerFactory$Customizer@8783ae, org.springframework.boot.test.context.filter.ExcludeFilterContextCustomizer@641cff, org.springframework.boot.test.json.DuplicateJsonObjectContextCustomizerFactory$DuplicateJsonObjectContextCustomizer@1137fa1, org.springframework.boot.test.mock.mockito.MockitoContextCustomizer@0, org.springframework.boot.test.web.client.TestRestTemplateContextCustomizer@1426688], resourceBasePath = 'src/main/webapp', contextLoader = 'org.springframework.boot.test.context.SpringBootContextLoader', parent = [null]], attributes = map['org.springframework.test.context.web.ServletTestExecutionListener.activateListener' -> false]]].
06:01:50.786 [Test worker] DEBUG org.springframework.test.context.support.TestPropertySourceUtils - Adding inlined properties to environment: {spring.jmx.enabled=false, org.springframework.boot.test.context.SpringBootTestContextBootstrapper=true, server.port=0}

  .   ____          _            __ _ _
 /\\ / ___'_ __ _ _(_)_ __  __ _ \ \ \ \
( ( )\___ | '_ | '_| | '_ \/ _` | \ \ \ \
 \\/  ___)| |_)| | | | | || (_| |  ) ) ) )
  '  |____| .__|_| |_|_| |_\__, | / / / /
 =========|_|==============|___/=/_/_/_/
 :: Spring Boot ::        (v2.1.7.RELEASE)

2021-06-21 06:01:51.001  INFO 7268 --- [    Test worker] c.c.b.s.web.ProfileControllerTest        : Starting ProfileControllerTest on DESKTOP-VCVQA0D with PID 7268 (started by ejatk in C:\Users\ejatk\IdeaProjects\aws-springboot)
2021-06-21 06:01:51.001  INFO 7268 --- [    Test worker] c.c.b.s.web.ProfileControllerTest        : No active profile set, falling back to default profiles: default
2021-06-21 06:01:51.627  INFO 7268 --- [    Test worker] .s.d.r.c.RepositoryConfigurationDelegate : Bootstrapping Spring Data repositories in DEFAULT mode.
2021-06-21 06:01:51.717  INFO 7268 --- [    Test worker] .s.d.r.c.RepositoryConfigurationDelegate : Finished Spring Data repository scanning in 84ms. Found 2 repository interfaces.
2021-06-21 06:01:52.119  INFO 7268 --- [    Test worker] trationDelegate$BeanPostProcessorChecker : Bean 'org.springframework.transaction.annotation.ProxyTransactionManagementConfiguration' of type [org.springframework.transaction.annotation.ProxyTransactionManagementConfiguration$$EnhancerBySpringCGLIB$$979e11e0] is not eligible for getting processed by all BeanPostProcessors (for example: not eligible for auto-proxying)
2021-06-21 06:01:52.440  INFO 7268 --- [    Test worker] o.s.b.w.embedded.tomcat.TomcatWebServer  : Tomcat initialized with port(s): 0 (http)
2021-06-21 06:01:52.461  INFO 7268 --- [    Test worker] o.apache.catalina.core.StandardService   : Starting service [Tomcat]
2021-06-21 06:01:52.461  INFO 7268 --- [    Test worker] org.apache.catalina.core.StandardEngine  : Starting Servlet engine: [Apache Tomcat/9.0.22]
2021-06-21 06:01:52.578  INFO 7268 --- [    Test worker] o.a.c.c.C.[Tomcat].[localhost].[/]       : Initializing Spring embedded WebApplicationContext
2021-06-21 06:01:52.579  INFO 7268 --- [    Test worker] o.s.web.context.ContextLoader            : Root WebApplicationContext: initialization completed in 1560 ms
2021-06-21 06:01:52.842  INFO 7268 --- [    Test worker] com.zaxxer.hikari.HikariDataSource       : HikariPool-1 - Starting...
2021-06-21 06:01:52.999  INFO 7268 --- [    Test worker] com.zaxxer.hikari.HikariDataSource       : HikariPool-1 - Start completed.
2021-06-21 06:01:53.081  INFO 7268 --- [    Test worker] o.hibernate.jpa.internal.util.LogHelper  : HHH000204: Processing PersistenceUnitInfo [
	name: default
	...]
2021-06-21 06:01:53.154  INFO 7268 --- [    Test worker] org.hibernate.Version                    : HHH000412: Hibernate Core {5.3.10.Final}
2021-06-21 06:01:53.155  INFO 7268 --- [    Test worker] org.hibernate.cfg.Environment            : HHH000206: hibernate.properties not found
2021-06-21 06:01:53.313  INFO 7268 --- [    Test worker] o.hibernate.annotations.common.Version   : HCANN000001: Hibernate Commons Annotations {5.0.4.Final}
2021-06-21 06:01:53.470  INFO 7268 --- [    Test worker] org.hibernate.dialect.Dialect            : HHH000400: Using dialect: org.hibernate.dialect.H2Dialect
Hibernate: drop table posts if exists
Hibernate: drop table user1 if exists
Hibernate: drop sequence if exists hibernate_sequence
Hibernate: create sequence hibernate_sequence start with 1 increment by 1
Hibernate: create table posts (id bigint generated by default as identity, created_date timestamp, modified_date timestamp, author varchar(255), content TEXT not null, title varchar(500) not null, primary key (id))
Hibernate: create table user1 (id bigint not null, created_date timestamp, modified_date timestamp, email varchar(255) not null, picture varchar(255), role varchar(255) not null, u_name varchar(255) not null, primary key (id))
2021-06-21 06:01:54.150  INFO 7268 --- [    Test worker] o.h.t.schema.internal.SchemaCreatorImpl  : HHH000476: Executing import script 'org.hibernate.tool.schema.internal.exec.ScriptSourceInputNonExistentImpl@d77bfc'
2021-06-21 06:01:54.153  INFO 7268 --- [    Test worker] j.LocalContainerEntityManagerFactoryBean : Initialized JPA EntityManagerFactory for persistence unit 'default'
2021-06-21 06:01:54.736  INFO 7268 --- [    Test worker] o.h.h.i.QueryTranslatorFactoryInitiator  : HHH000397: Using ASTQueryTranslatorFactory
2021-06-21 06:01:55.128  INFO 7268 --- [    Test worker] o.s.s.web.DefaultSecurityFilterChain     : Creating filter chain: any request, [org.springframework.security.web.context.request.async.WebAsyncManagerIntegrationFilter@35150f, org.springframework.security.web.context.SecurityContextPersistenceFilter@1854160, org.springframework.security.web.header.HeaderWriterFilter@3f1f66, org.springframework.security.web.authentication.logout.LogoutFilter@1584d89, org.springframework.security.oauth2.client.web.OAuth2AuthorizationRequestRedirectFilter@173c572, org.springframework.security.oauth2.client.web.OAuth2LoginAuthenticationFilter@1394dc4, org.springframework.security.web.authentication.ui.DefaultLoginPageGeneratingFilter@297978, org.springframework.security.web.authentication.ui.DefaultLogoutPageGeneratingFilter@142b872, org.springframework.security.web.savedrequest.RequestCacheAwareFilter@1ddcb0c, org.springframework.security.web.servletapi.SecurityContextHolderAwareRequestFilter@974f1e, org.springframework.security.web.authentication.AnonymousAuthenticationFilter@6b0704, org.springframework.security.web.session.SessionManagementFilter@18833ca, org.springframework.security.web.access.ExceptionTranslationFilter@1349c8f, org.springframework.security.web.access.intercept.FilterSecurityInterceptor@1448c4f]
2021-06-21 06:01:55.519  INFO 7268 --- [    Test worker] o.s.s.concurrent.ThreadPoolTaskExecutor  : Initializing ExecutorService 'applicationTaskExecutor'
2021-06-21 06:01:55.570  WARN 7268 --- [    Test worker] aWebConfiguration$JpaWebMvcConfiguration : spring.jpa.open-in-view is enabled by default. Therefore, database queries may be performed during view rendering. Explicitly configure spring.jpa.open-in-view to disable this warning
2021-06-21 06:01:55.613  INFO 7268 --- [    Test worker] o.s.b.a.w.s.WelcomePageHandlerMapping    : Adding welcome page template: index
2021-06-21 06:01:55.937  INFO 7268 --- [    Test worker] s.a.ScheduledAnnotationBeanPostProcessor : No TaskScheduler/ScheduledExecutorService bean found for scheduled processing
2021-06-21 06:01:55.956  INFO 7268 --- [    Test worker] o.s.b.w.embedded.tomcat.TomcatWebServer  : Tomcat started on port(s): 1710 (http) with context path ''
2021-06-21 06:01:55.957  INFO 7268 --- [    Test worker] c.c.b.s.web.ProfileControllerTest        : Started ProfileControllerTest in 5.17 seconds (JVM running for 6.1)
2021-06-21 06:01:56.083  INFO 7268 --- [o-auto-1-exec-1] o.a.c.c.C.[Tomcat].[localhost].[/]       : Initializing Spring DispatcherServlet 'dispatcherServlet'
2021-06-21 06:01:56.083  INFO 7268 --- [o-auto-1-exec-1] o.s.web.servlet.DispatcherServlet        : Initializing Servlet 'dispatcherServlet'
2021-06-21 06:01:56.100  INFO 7268 --- [o-auto-1-exec-1] o.s.web.servlet.DispatcherServlet        : Completed initialization in 15 ms
]]></system-out>
  <system-err><![CDATA[]]></system-err>
</testsuite>
